2024-02-08 11:12:11,181 - data_analytics - INFO - Plotting predictions for exercise 'Squat'...
2024-02-08 11:12:11,183 - data_analytics - ERROR - No data found for exercise 'Squat'
2024-02-08 11:12:36,188 - data_analytics - INFO - Plotting predictions for exercise 'Barbell Squat'...
2024-02-08 11:12:36,777 - data_analytics - ERROR - Error occurred while plotting predictions: Expected a model.weights.h5 or model.weights.npz file.
2024-02-08 11:21:02,498 - data_analytics - INFO - Plotting predictions for exercise 'Barbell Squat'...
2024-02-08 11:38:58,531 - data_analytics - INFO - Plotting predictions for exercise 'Barbell Squat'...
2024-02-08 11:39:28,176 - data_analytics - INFO - Plotting predictions for exercise 'Dumbbell lateral raise'...
2024-02-08 11:39:30,585 - data_analytics - INFO - Plotted predictions for exercise 'Dumbbell lateral raise'
2024-02-08 11:40:53,368 - data_analytics - INFO - Plotting predictions for exercise 'Dumbbell lateral raise'...
2024-02-08 11:40:55,513 - data_analytics - INFO - Plotted predictions for exercise 'Dumbbell lateral raise'
2024-02-08 11:41:38,014 - data_analytics - INFO - Plotting predictions for exercise 'Dumbbell lateral raise'...
2024-02-08 11:41:40,061 - data_analytics - INFO - Plotted predictions for exercise 'Dumbbell lateral raise'
2024-02-08 11:43:25,407 - data_analytics - INFO - Plotting predictions for exercise 'Dumbbell lateral raise'...
2024-02-08 11:43:27,533 - data_analytics - INFO - Plotted predictions for exercise 'Dumbbell lateral raise'
2024-02-08 12:00:02,027 - data_analytics - INFO - Plotting predictions for exercise 'Dumbbell lateral raise'...
2024-02-08 12:00:04,258 - data_analytics - INFO - Plotted predictions for exercise 'Dumbbell lateral raise'.
2024-02-08 12:01:49,127 - data_analytics - INFO - Plotting predictions for exercise 'Dumbbell lateral raise'...
2024-02-08 12:01:51,377 - data_analytics - INFO - Plotted predictions for exercise 'Dumbbell lateral raise'.
2024-02-08 12:05:40,258 - data_analytics - INFO - Plotting predictions for exercise 'Dumbbell lateral raise'...
2024-02-08 12:05:42,431 - data_analytics - INFO - Plotted predictions for exercise 'Dumbbell lateral raise'.
2024-02-08 12:06:07,730 - data_analytics - INFO - Plotting predictions for exercise 'Dumbbell lateral raise'...
2024-02-08 12:06:09,782 - data_analytics - INFO - Plotted predictions for exercise 'Dumbbell lateral raise'.
2024-02-08 12:06:45,600 - data_analytics - INFO - Plotting predictions for exercise 'Dumbbell lateral raise'...
2024-02-08 12:06:47,583 - data_analytics - ERROR - Error occurred while plotting predictions for exercise 'Dumbbell lateral raise': 
    Invalid value of type 'builtins.str' received for the 'mode' property of scatter
        Received value: 'line+markers'

    The 'mode' property is a flaglist and may be specified
    as a string containing:
      - Any combination of ['lines', 'markers', 'text'] joined with '+' characters
        (e.g. 'lines+markers')
        OR exactly one of ['none'] (e.g. 'none')
2024-02-08 12:07:03,139 - data_analytics - INFO - Plotting predictions for exercise 'Dumbbell lateral raise'...
2024-02-08 12:07:05,197 - data_analytics - INFO - Plotted predictions for exercise 'Dumbbell lateral raise'.
2024-02-08 12:11:54,566 - data_analytics - INFO - Plotting predictions for exercise 'Dumbbell lateral raise'...
2024-02-08 12:11:56,838 - data_analytics - INFO - Plotted predictions for exercise 'Dumbbell lateral raise'.
2024-02-08 12:13:17,692 - data_analytics - INFO - Plotting predictions for exercise 'Dumbbell lateral raise'...
2024-02-08 12:13:19,735 - data_analytics - INFO - Plotted predictions for exercise 'Dumbbell lateral raise'.
2024-02-08 12:13:34,607 - data_analytics - INFO - Plotting predictions for exercise 'Dumbbell lateral raise'...
2024-02-08 12:13:36,613 - data_analytics - INFO - Plotted predictions for exercise 'Dumbbell lateral raise'.
2024-02-08 12:14:30,650 - data_analytics - INFO - Plotting predictions for exercise 'Dumbbell lateral raise'...
2024-02-08 12:14:32,739 - data_analytics - INFO - Plotted predictions for exercise 'Dumbbell lateral raise'.
2024-02-08 12:16:13,935 - data_analytics - INFO - Plotting predictions for exercise 'Dumbbell lateral raise'...
2024-02-08 12:16:16,343 - data_analytics - INFO - Plotted predictions for exercise 'Dumbbell lateral raise'.
2024-02-08 12:53:04,384 - data_analytics - INFO - Plotting predicted volume for each exercise...
2024-02-08 12:53:04,388 - data_analytics - INFO - Plotting predicted volume for exercise 'Standing crossed-cable rear delt fly'...
2024-02-08 12:53:06,611 - data_analytics - INFO - Plotted predicted volume for exercise 'Standing crossed-cable rear delt fly'.
2024-02-08 12:53:06,611 - data_analytics - INFO - Plotting predicted volume for exercise 'Bench press'...
2024-02-08 12:53:08,292 - data_analytics - INFO - Plotted predicted volume for exercise 'Bench press'.
2024-02-08 12:53:08,292 - data_analytics - INFO - Plotting predicted volume for exercise 'Straight-arm cable pull-over'...
2024-02-08 12:53:09,907 - data_analytics - INFO - Plotted predicted volume for exercise 'Straight-arm cable pull-over'.
2024-02-08 12:53:09,907 - data_analytics - INFO - Plotting predicted volume for exercise 'Barbell Squat'...
2024-02-08 12:53:11,638 - data_analytics - INFO - Plotted predicted volume for exercise 'Barbell Squat'.
2024-02-08 12:53:11,638 - data_analytics - INFO - Plotting predicted volume for exercise 'Seated Cable Rows'...
2024-02-08 12:53:13,368 - data_analytics - INFO - Plotted predicted volume for exercise 'Seated Cable Rows'.
2024-02-08 12:53:13,368 - data_analytics - INFO - Plotting predicted volume for exercise 'Incline dumbbell biceps curl'...
2024-02-08 12:53:15,002 - data_analytics - INFO - Plotted predicted volume for exercise 'Incline dumbbell biceps curl'.
2024-02-08 12:53:15,002 - data_analytics - INFO - Plotting predicted volume for exercise 'Leg Press'...
2024-02-08 12:53:16,745 - data_analytics - INFO - Plotted predicted volume for exercise 'Leg Press'.
2024-02-08 12:53:16,745 - data_analytics - INFO - Plotting predicted volume for exercise 'Lat pull-down'...
2024-02-08 12:53:18,350 - data_analytics - INFO - Plotted predicted volume for exercise 'Lat pull-down'.
2024-02-08 12:53:18,351 - data_analytics - INFO - Plotting predicted volume for exercise 'Incline dumbbell bench press'...
2024-02-08 12:53:20,122 - data_analytics - INFO - Plotted predicted volume for exercise 'Incline dumbbell bench press'.
2024-02-08 12:53:20,122 - data_analytics - INFO - Plotting predicted volume for exercise 'Pull-up'...
2024-02-08 12:53:21,912 - data_analytics - INFO - Plotted predicted volume for exercise 'Pull-up'.
2024-02-08 12:53:21,912 - data_analytics - INFO - Plotting predicted volume for exercise 'Behind-the-head skullcrusher'...
2024-02-08 12:53:23,578 - data_analytics - INFO - Plotted predicted volume for exercise 'Behind-the-head skullcrusher'.
2024-02-08 12:53:23,578 - data_analytics - INFO - Plotting predicted volume for exercise 'Smith machine standing calf raise'...
2024-02-08 12:53:25,423 - data_analytics - INFO - Plotted predicted volume for exercise 'Smith machine standing calf raise'.
2024-02-08 12:53:25,423 - data_analytics - INFO - Plotting predicted volume for exercise 'Seated dumbbell shoulder press'...
2024-02-08 12:53:27,346 - data_analytics - INFO - Plotted predicted volume for exercise 'Seated dumbbell shoulder press'.
2024-02-08 12:53:27,346 - data_analytics - INFO - Plotting predicted volume for exercise 'Hammer Curls'...
2024-02-08 12:53:29,112 - data_analytics - INFO - Plotted predicted volume for exercise 'Hammer Curls'.
2024-02-08 12:53:29,113 - data_analytics - INFO - Plotting predicted volume for exercise 'Leg Extensions'...
2024-02-08 12:53:30,965 - data_analytics - INFO - Plotted predicted volume for exercise 'Leg Extensions'.
2024-02-08 12:53:30,965 - data_analytics - INFO - Plotting predicted volume for exercise 'Dumbbell lateral raise'...
2024-02-08 12:53:33,028 - data_analytics - INFO - Plotted predicted volume for exercise 'Dumbbell lateral raise'.
2024-02-08 12:53:33,028 - data_analytics - INFO - Plotting predicted volume for exercise 'Triceps Pushdown'...
2024-02-08 12:53:35,729 - data_analytics - INFO - Plotted predicted volume for exercise 'Triceps Pushdown'.
2024-02-08 12:53:35,729 - data_analytics - INFO - Plotting predicted volume for exercise 'Dumbbell Bench Press'...
2024-02-08 12:53:37,930 - data_analytics - INFO - Plotted predicted volume for exercise 'Dumbbell Bench Press'.
2024-02-08 12:53:37,930 - data_analytics - INFO - Plotting predicted volume for exercise 'Bent Over Barbell Row'...
2024-02-08 12:53:39,838 - data_analytics - INFO - Plotted predicted volume for exercise 'Bent Over Barbell Row'.
2024-02-08 12:53:39,838 - data_analytics - INFO - Plotting predicted volume for exercise 'Low-cable cross-over'...
2024-02-08 12:53:41,677 - data_analytics - INFO - Plotted predicted volume for exercise 'Low-cable cross-over'.
2024-02-08 12:53:41,678 - data_analytics - INFO - Plotted predicted volume for each exercise.
2024-02-08 13:01:00,262 - data_analytics - INFO - Plotting predicted volume for each exercise...
2024-02-08 13:01:00,266 - data_analytics - INFO - Plotting predicted volume for exercise 'Standing crossed-cable rear delt fly'...
2024-02-08 13:01:02,613 - data_analytics - INFO - Plotted predicted volume for exercise 'Standing crossed-cable rear delt fly'.
2024-02-08 13:01:02,613 - data_analytics - INFO - Plotting predicted volume for exercise 'Bench press'...
2024-02-08 13:01:04,414 - data_analytics - INFO - Plotted predicted volume for exercise 'Bench press'.
2024-02-08 13:01:04,414 - data_analytics - INFO - Plotting predicted volume for exercise 'Straight-arm cable pull-over'...
2024-02-08 13:01:06,020 - data_analytics - INFO - Plotted predicted volume for exercise 'Straight-arm cable pull-over'.
2024-02-08 13:01:06,020 - data_analytics - INFO - Plotting predicted volume for exercise 'Barbell Squat'...
2024-02-08 13:01:07,715 - data_analytics - INFO - Plotted predicted volume for exercise 'Barbell Squat'.
2024-02-08 13:01:07,715 - data_analytics - INFO - Plotting predicted volume for exercise 'Seated Cable Rows'...
2024-02-08 13:01:09,487 - data_analytics - INFO - Plotted predicted volume for exercise 'Seated Cable Rows'.
2024-02-08 13:01:09,487 - data_analytics - INFO - Plotting predicted volume for exercise 'Incline dumbbell biceps curl'...
2024-02-08 13:01:11,175 - data_analytics - INFO - Plotted predicted volume for exercise 'Incline dumbbell biceps curl'.
2024-02-08 13:01:11,175 - data_analytics - INFO - Plotting predicted volume for exercise 'Leg Press'...
2024-02-08 13:01:12,891 - data_analytics - INFO - Plotted predicted volume for exercise 'Leg Press'.
2024-02-08 13:01:12,891 - data_analytics - INFO - Plotting predicted volume for exercise 'Lat pull-down'...
2024-02-08 13:01:14,486 - data_analytics - INFO - Plotted predicted volume for exercise 'Lat pull-down'.
2024-02-08 13:01:14,486 - data_analytics - INFO - Plotting predicted volume for exercise 'Incline dumbbell bench press'...
2024-02-08 13:01:16,193 - data_analytics - INFO - Plotted predicted volume for exercise 'Incline dumbbell bench press'.
2024-02-08 13:01:16,193 - data_analytics - INFO - Plotting predicted volume for exercise 'Pull-up'...
2024-02-08 13:01:17,903 - data_analytics - INFO - Plotted predicted volume for exercise 'Pull-up'.
2024-02-08 13:01:17,903 - data_analytics - INFO - Plotting predicted volume for exercise 'Behind-the-head skullcrusher'...
2024-02-08 13:01:19,482 - data_analytics - INFO - Plotted predicted volume for exercise 'Behind-the-head skullcrusher'.
2024-02-08 13:01:19,482 - data_analytics - INFO - Plotting predicted volume for exercise 'Smith machine standing calf raise'...
2024-02-08 13:01:21,195 - data_analytics - INFO - Plotted predicted volume for exercise 'Smith machine standing calf raise'.
2024-02-08 13:01:21,195 - data_analytics - INFO - Plotting predicted volume for exercise 'Seated dumbbell shoulder press'...
2024-02-08 13:01:22,902 - data_analytics - INFO - Plotted predicted volume for exercise 'Seated dumbbell shoulder press'.
2024-02-08 13:01:22,902 - data_analytics - INFO - Plotting predicted volume for exercise 'Hammer Curls'...
2024-02-08 13:01:24,487 - data_analytics - INFO - Plotted predicted volume for exercise 'Hammer Curls'.
2024-02-08 13:01:24,487 - data_analytics - INFO - Plotting predicted volume for exercise 'Leg Extensions'...
2024-02-08 13:01:26,194 - data_analytics - INFO - Plotted predicted volume for exercise 'Leg Extensions'.
2024-02-08 13:01:26,195 - data_analytics - INFO - Plotting predicted volume for exercise 'Dumbbell lateral raise'...
2024-02-08 13:01:27,785 - data_analytics - INFO - Plotted predicted volume for exercise 'Dumbbell lateral raise'.
2024-02-08 13:01:27,785 - data_analytics - INFO - Plotting predicted volume for exercise 'Triceps Pushdown'...
2024-02-08 13:01:29,493 - data_analytics - INFO - Plotted predicted volume for exercise 'Triceps Pushdown'.
2024-02-08 13:01:29,493 - data_analytics - INFO - Plotting predicted volume for exercise 'Dumbbell Bench Press'...
2024-02-08 13:01:31,205 - data_analytics - INFO - Plotted predicted volume for exercise 'Dumbbell Bench Press'.
2024-02-08 13:01:31,205 - data_analytics - INFO - Plotting predicted volume for exercise 'Bent Over Barbell Row'...
2024-02-08 13:01:32,791 - data_analytics - INFO - Plotted predicted volume for exercise 'Bent Over Barbell Row'.
2024-02-08 13:01:32,791 - data_analytics - INFO - Plotting predicted volume for exercise 'Low-cable cross-over'...
2024-02-08 13:01:34,483 - data_analytics - INFO - Plotted predicted volume for exercise 'Low-cable cross-over'.
2024-02-08 13:01:34,483 - data_analytics - INFO - Plotted predicted volume for each exercise.
2024-02-08 13:03:03,827 - data_analytics - INFO - Plotting predicted volume for each exercise...
2024-02-08 13:03:03,829 - data_analytics - INFO - Plotting predicted volume for exercise 'Standing crossed-cable rear delt fly'...
2024-02-08 13:03:05,904 - data_analytics - INFO - Plotted predicted volume for exercise 'Standing crossed-cable rear delt fly'.
2024-02-08 13:03:05,904 - data_analytics - INFO - Plotting predicted volume for exercise 'Bench press'...
2024-02-08 13:03:07,566 - data_analytics - INFO - Plotted predicted volume for exercise 'Bench press'.
2024-02-08 13:03:07,566 - data_analytics - INFO - Plotting predicted volume for exercise 'Straight-arm cable pull-over'...
2024-02-08 13:03:09,202 - data_analytics - INFO - Plotted predicted volume for exercise 'Straight-arm cable pull-over'.
2024-02-08 13:03:09,202 - data_analytics - INFO - Plotting predicted volume for exercise 'Barbell Squat'...
2024-02-08 13:03:10,942 - data_analytics - INFO - Plotted predicted volume for exercise 'Barbell Squat'.
2024-02-08 13:03:10,943 - data_analytics - INFO - Plotting predicted volume for exercise 'Seated Cable Rows'...
2024-02-08 13:03:12,719 - data_analytics - INFO - Plotted predicted volume for exercise 'Seated Cable Rows'.
2024-02-08 13:03:12,719 - data_analytics - INFO - Plotting predicted volume for exercise 'Incline dumbbell biceps curl'...
2024-02-08 13:03:14,508 - data_analytics - INFO - Plotted predicted volume for exercise 'Incline dumbbell biceps curl'.
2024-02-08 13:03:14,508 - data_analytics - INFO - Plotting predicted volume for exercise 'Leg Press'...
2024-02-08 13:03:16,251 - data_analytics - INFO - Plotted predicted volume for exercise 'Leg Press'.
2024-02-08 13:03:16,251 - data_analytics - INFO - Plotting predicted volume for exercise 'Lat pull-down'...
2024-02-08 13:03:17,910 - data_analytics - INFO - Plotted predicted volume for exercise 'Lat pull-down'.
2024-02-08 13:03:17,910 - data_analytics - INFO - Plotting predicted volume for exercise 'Incline dumbbell bench press'...
2024-02-08 13:03:19,687 - data_analytics - INFO - Plotted predicted volume for exercise 'Incline dumbbell bench press'.
2024-02-08 13:03:19,688 - data_analytics - INFO - Plotting predicted volume for exercise 'Pull-up'...
2024-02-08 13:03:21,410 - data_analytics - INFO - Plotted predicted volume for exercise 'Pull-up'.
2024-02-08 13:03:21,410 - data_analytics - INFO - Plotting predicted volume for exercise 'Behind-the-head skullcrusher'...
2024-02-08 13:03:23,003 - data_analytics - INFO - Plotted predicted volume for exercise 'Behind-the-head skullcrusher'.
2024-02-08 13:03:23,003 - data_analytics - INFO - Plotting predicted volume for exercise 'Smith machine standing calf raise'...
2024-02-08 13:03:24,697 - data_analytics - INFO - Plotted predicted volume for exercise 'Smith machine standing calf raise'.
2024-02-08 13:03:24,697 - data_analytics - INFO - Plotting predicted volume for exercise 'Seated dumbbell shoulder press'...
2024-02-08 13:03:26,402 - data_analytics - INFO - Plotted predicted volume for exercise 'Seated dumbbell shoulder press'.
2024-02-08 13:03:26,403 - data_analytics - INFO - Plotting predicted volume for exercise 'Hammer Curls'...
2024-02-08 13:03:27,988 - data_analytics - INFO - Plotted predicted volume for exercise 'Hammer Curls'.
2024-02-08 13:03:27,989 - data_analytics - INFO - Plotting predicted volume for exercise 'Leg Extensions'...
2024-02-08 13:03:29,687 - data_analytics - INFO - Plotted predicted volume for exercise 'Leg Extensions'.
2024-02-08 13:03:29,687 - data_analytics - INFO - Plotting predicted volume for exercise 'Dumbbell lateral raise'...
2024-02-08 13:03:31,289 - data_analytics - INFO - Plotted predicted volume for exercise 'Dumbbell lateral raise'.
2024-02-08 13:03:31,289 - data_analytics - INFO - Plotting predicted volume for exercise 'Triceps Pushdown'...
2024-02-08 13:03:33,016 - data_analytics - INFO - Plotted predicted volume for exercise 'Triceps Pushdown'.
2024-02-08 13:03:33,016 - data_analytics - INFO - Plotting predicted volume for exercise 'Dumbbell Bench Press'...
2024-02-08 13:03:34,727 - data_analytics - INFO - Plotted predicted volume for exercise 'Dumbbell Bench Press'.
2024-02-08 13:03:34,727 - data_analytics - INFO - Plotting predicted volume for exercise 'Bent Over Barbell Row'...
2024-02-08 13:03:36,349 - data_analytics - INFO - Plotted predicted volume for exercise 'Bent Over Barbell Row'.
2024-02-08 13:03:36,349 - data_analytics - INFO - Plotting predicted volume for exercise 'Low-cable cross-over'...
2024-02-08 13:03:38,120 - data_analytics - INFO - Plotted predicted volume for exercise 'Low-cable cross-over'.
2024-02-08 13:03:38,121 - data_analytics - INFO - Plotted predicted volume for each exercise.
2024-02-08 13:03:52,008 - data_analytics - INFO - Plotting predicted volume for each exercise...
2024-02-08 13:03:52,010 - data_analytics - INFO - Plotting predicted volume for exercise 'Standing crossed-cable rear delt fly'...
2024-02-08 13:03:54,180 - data_analytics - INFO - Plotted predicted volume for exercise 'Standing crossed-cable rear delt fly'.
2024-02-08 13:03:54,180 - data_analytics - INFO - Plotting predicted volume for exercise 'Bench press'...
2024-02-08 13:03:55,919 - data_analytics - INFO - Plotted predicted volume for exercise 'Bench press'.
2024-02-08 13:03:55,919 - data_analytics - INFO - Plotting predicted volume for exercise 'Straight-arm cable pull-over'...
2024-02-08 13:03:57,601 - data_analytics - INFO - Plotted predicted volume for exercise 'Straight-arm cable pull-over'.
2024-02-08 13:03:57,601 - data_analytics - INFO - Plotting predicted volume for exercise 'Barbell Squat'...
2024-02-08 13:03:59,309 - data_analytics - INFO - Plotted predicted volume for exercise 'Barbell Squat'.
2024-02-08 13:03:59,309 - data_analytics - INFO - Plotting predicted volume for exercise 'Seated Cable Rows'...
2024-02-08 13:04:01,150 - data_analytics - INFO - Plotted predicted volume for exercise 'Seated Cable Rows'.
2024-02-08 13:04:01,150 - data_analytics - INFO - Plotting predicted volume for exercise 'Incline dumbbell biceps curl'...
2024-02-08 13:04:02,768 - data_analytics - INFO - Plotted predicted volume for exercise 'Incline dumbbell biceps curl'.
2024-02-08 13:04:02,768 - data_analytics - INFO - Plotting predicted volume for exercise 'Leg Press'...
2024-02-08 13:04:04,498 - data_analytics - INFO - Plotted predicted volume for exercise 'Leg Press'.
2024-02-08 13:04:04,498 - data_analytics - INFO - Plotting predicted volume for exercise 'Lat pull-down'...
2024-02-08 13:04:06,116 - data_analytics - INFO - Plotted predicted volume for exercise 'Lat pull-down'.
2024-02-08 13:04:06,116 - data_analytics - INFO - Plotting predicted volume for exercise 'Incline dumbbell bench press'...
2024-02-08 13:04:07,862 - data_analytics - INFO - Plotted predicted volume for exercise 'Incline dumbbell bench press'.
2024-02-08 13:04:07,862 - data_analytics - INFO - Plotting predicted volume for exercise 'Pull-up'...
2024-02-08 13:04:09,612 - data_analytics - INFO - Plotted predicted volume for exercise 'Pull-up'.
2024-02-08 13:04:09,612 - data_analytics - INFO - Plotting predicted volume for exercise 'Behind-the-head skullcrusher'...
2024-02-08 13:04:11,229 - data_analytics - INFO - Plotted predicted volume for exercise 'Behind-the-head skullcrusher'.
2024-02-08 13:04:11,229 - data_analytics - INFO - Plotting predicted volume for exercise 'Smith machine standing calf raise'...
2024-02-08 13:04:12,943 - data_analytics - INFO - Plotted predicted volume for exercise 'Smith machine standing calf raise'.
2024-02-08 13:04:12,943 - data_analytics - INFO - Plotting predicted volume for exercise 'Seated dumbbell shoulder press'...
2024-02-08 13:04:14,676 - data_analytics - INFO - Plotted predicted volume for exercise 'Seated dumbbell shoulder press'.
2024-02-08 13:04:14,676 - data_analytics - INFO - Plotting predicted volume for exercise 'Hammer Curls'...
2024-02-08 13:04:16,284 - data_analytics - INFO - Plotted predicted volume for exercise 'Hammer Curls'.
2024-02-08 13:04:16,284 - data_analytics - INFO - Plotting predicted volume for exercise 'Leg Extensions'...
2024-02-08 13:04:18,008 - data_analytics - INFO - Plotted predicted volume for exercise 'Leg Extensions'.
2024-02-08 13:04:18,008 - data_analytics - INFO - Plotting predicted volume for exercise 'Dumbbell lateral raise'...
2024-02-08 13:04:19,643 - data_analytics - INFO - Plotted predicted volume for exercise 'Dumbbell lateral raise'.
2024-02-08 13:04:19,643 - data_analytics - INFO - Plotting predicted volume for exercise 'Triceps Pushdown'...
2024-02-08 13:04:21,436 - data_analytics - INFO - Plotted predicted volume for exercise 'Triceps Pushdown'.
2024-02-08 13:04:21,436 - data_analytics - INFO - Plotting predicted volume for exercise 'Dumbbell Bench Press'...
2024-02-08 13:04:23,192 - data_analytics - INFO - Plotted predicted volume for exercise 'Dumbbell Bench Press'.
2024-02-08 13:04:23,193 - data_analytics - INFO - Plotting predicted volume for exercise 'Bent Over Barbell Row'...
2024-02-08 13:04:24,831 - data_analytics - INFO - Plotted predicted volume for exercise 'Bent Over Barbell Row'.
2024-02-08 13:04:24,831 - data_analytics - INFO - Plotting predicted volume for exercise 'Low-cable cross-over'...
2024-02-08 13:04:26,559 - data_analytics - INFO - Plotted predicted volume for exercise 'Low-cable cross-over'.
2024-02-08 13:04:26,559 - data_analytics - INFO - Plotted predicted volume for each exercise.
2024-02-08 13:09:36,337 - data_analytics - INFO - Plotting predicted volume for each exercise...
2024-02-08 13:09:36,340 - data_analytics - INFO - Plotting predicted volume for exercise 'Standing crossed-cable rear delt fly'...
2024-02-08 13:09:38,393 - data_analytics - INFO - Plotted predicted volume for exercise 'Standing crossed-cable rear delt fly'.
2024-02-08 13:09:38,394 - data_analytics - INFO - Plotting predicted volume for exercise 'Bench press'...
2024-02-08 13:09:40,082 - data_analytics - INFO - Plotted predicted volume for exercise 'Bench press'.
2024-02-08 13:09:40,082 - data_analytics - INFO - Plotting predicted volume for exercise 'Straight-arm cable pull-over'...
2024-02-08 13:09:41,807 - data_analytics - INFO - Plotted predicted volume for exercise 'Straight-arm cable pull-over'.
2024-02-08 13:09:41,807 - data_analytics - INFO - Plotting predicted volume for exercise 'Barbell Squat'...
2024-02-08 13:09:43,392 - data_analytics - INFO - Plotted predicted volume for exercise 'Barbell Squat'.
2024-02-08 13:09:43,392 - data_analytics - INFO - Plotting predicted volume for exercise 'Seated Cable Rows'...
2024-02-08 13:09:45,134 - data_analytics - INFO - Plotted predicted volume for exercise 'Seated Cable Rows'.
2024-02-08 13:09:45,134 - data_analytics - INFO - Plotting predicted volume for exercise 'Incline dumbbell biceps curl'...
2024-02-08 13:09:46,745 - data_analytics - INFO - Plotted predicted volume for exercise 'Incline dumbbell biceps curl'.
2024-02-08 13:09:46,745 - data_analytics - INFO - Plotting predicted volume for exercise 'Leg Press'...
2024-02-08 13:09:48,477 - data_analytics - INFO - Plotted predicted volume for exercise 'Leg Press'.
2024-02-08 13:09:48,477 - data_analytics - INFO - Plotting predicted volume for exercise 'Lat pull-down'...
2024-02-08 13:09:50,077 - data_analytics - INFO - Plotted predicted volume for exercise 'Lat pull-down'.
2024-02-08 13:09:50,077 - data_analytics - INFO - Plotting predicted volume for exercise 'Incline dumbbell bench press'...
2024-02-08 13:09:51,910 - data_analytics - INFO - Plotted predicted volume for exercise 'Incline dumbbell bench press'.
2024-02-08 13:09:51,910 - data_analytics - INFO - Plotting predicted volume for exercise 'Pull-up'...
2024-02-08 13:09:53,745 - data_analytics - INFO - Plotted predicted volume for exercise 'Pull-up'.
2024-02-08 13:09:53,745 - data_analytics - INFO - Plotting predicted volume for exercise 'Behind-the-head skullcrusher'...
2024-02-08 13:09:55,414 - data_analytics - INFO - Plotted predicted volume for exercise 'Behind-the-head skullcrusher'.
2024-02-08 13:09:55,415 - data_analytics - INFO - Plotting predicted volume for exercise 'Smith machine standing calf raise'...
2024-02-08 13:09:57,222 - data_analytics - INFO - Plotted predicted volume for exercise 'Smith machine standing calf raise'.
2024-02-08 13:09:57,222 - data_analytics - INFO - Plotting predicted volume for exercise 'Seated dumbbell shoulder press'...
2024-02-08 13:09:58,889 - data_analytics - INFO - Plotted predicted volume for exercise 'Seated dumbbell shoulder press'.
2024-02-08 13:09:58,889 - data_analytics - INFO - Plotting predicted volume for exercise 'Hammer Curls'...
2024-02-08 13:10:00,696 - data_analytics - INFO - Plotted predicted volume for exercise 'Hammer Curls'.
2024-02-08 13:10:00,696 - data_analytics - INFO - Plotting predicted volume for exercise 'Leg Extensions'...
2024-02-08 13:10:02,531 - data_analytics - INFO - Plotted predicted volume for exercise 'Leg Extensions'.
2024-02-08 13:10:02,531 - data_analytics - INFO - Plotting predicted volume for exercise 'Dumbbell lateral raise'...
2024-02-08 13:10:04,184 - data_analytics - INFO - Plotted predicted volume for exercise 'Dumbbell lateral raise'.
2024-02-08 13:10:04,184 - data_analytics - INFO - Plotting predicted volume for exercise 'Triceps Pushdown'...
2024-02-08 13:10:05,915 - data_analytics - INFO - Plotted predicted volume for exercise 'Triceps Pushdown'.
2024-02-08 13:10:05,915 - data_analytics - INFO - Plotting predicted volume for exercise 'Dumbbell Bench Press'...
2024-02-08 13:10:07,669 - data_analytics - INFO - Plotted predicted volume for exercise 'Dumbbell Bench Press'.
2024-02-08 13:10:07,669 - data_analytics - INFO - Plotting predicted volume for exercise 'Bent Over Barbell Row'...
2024-02-08 13:10:09,536 - data_analytics - INFO - Plotted predicted volume for exercise 'Bent Over Barbell Row'.
2024-02-08 13:10:09,536 - data_analytics - INFO - Plotting predicted volume for exercise 'Low-cable cross-over'...
2024-02-08 13:11:11,427 - data_analytics - INFO - Plotting predicted volume for each exercise...
2024-02-08 13:11:11,430 - data_analytics - INFO - Plotting predicted volume for exercise 'Standing crossed-cable rear delt fly'...
2024-02-08 13:11:13,577 - data_analytics - INFO - Plotted predicted volume for exercise 'Standing crossed-cable rear delt fly'.
2024-02-08 13:11:13,577 - data_analytics - INFO - Plotting predicted volume for exercise 'Bench press'...
2024-02-08 13:11:15,191 - data_analytics - INFO - Plotted predicted volume for exercise 'Bench press'.
2024-02-08 13:11:15,191 - data_analytics - INFO - Plotting predicted volume for exercise 'Straight-arm cable pull-over'...
2024-02-08 13:11:16,943 - data_analytics - INFO - Plotted predicted volume for exercise 'Straight-arm cable pull-over'.
2024-02-08 13:11:16,943 - data_analytics - INFO - Plotting predicted volume for exercise 'Barbell Squat'...
2024-02-08 13:11:18,562 - data_analytics - INFO - Plotted predicted volume for exercise 'Barbell Squat'.
2024-02-08 13:11:18,562 - data_analytics - INFO - Plotting predicted volume for exercise 'Seated Cable Rows'...
2024-02-08 13:11:20,328 - data_analytics - INFO - Plotted predicted volume for exercise 'Seated Cable Rows'.
2024-02-08 13:11:20,328 - data_analytics - INFO - Plotting predicted volume for exercise 'Incline dumbbell biceps curl'...
2024-02-08 13:11:21,943 - data_analytics - INFO - Plotted predicted volume for exercise 'Incline dumbbell biceps curl'.
2024-02-08 13:11:21,943 - data_analytics - INFO - Plotting predicted volume for exercise 'Leg Press'...
2024-02-08 13:11:23,749 - data_analytics - INFO - Plotted predicted volume for exercise 'Leg Press'.
2024-02-08 13:11:23,749 - data_analytics - INFO - Plotting predicted volume for exercise 'Lat pull-down'...
2024-02-08 13:11:25,365 - data_analytics - INFO - Plotted predicted volume for exercise 'Lat pull-down'.
2024-02-08 13:11:25,365 - data_analytics - INFO - Plotting predicted volume for exercise 'Incline dumbbell bench press'...
2024-02-08 13:11:27,129 - data_analytics - INFO - Plotted predicted volume for exercise 'Incline dumbbell bench press'.
2024-02-08 13:11:27,129 - data_analytics - INFO - Plotting predicted volume for exercise 'Pull-up'...
2024-02-08 13:11:28,731 - data_analytics - INFO - Plotted predicted volume for exercise 'Pull-up'.
2024-02-08 13:11:28,731 - data_analytics - INFO - Plotting predicted volume for exercise 'Behind-the-head skullcrusher'...
2024-02-08 13:11:30,565 - data_analytics - INFO - Plotted predicted volume for exercise 'Behind-the-head skullcrusher'.
2024-02-08 13:11:30,565 - data_analytics - INFO - Plotting predicted volume for exercise 'Smith machine standing calf raise'...
2024-02-08 13:11:32,223 - data_analytics - INFO - Plotted predicted volume for exercise 'Smith machine standing calf raise'.
2024-02-08 13:11:32,223 - data_analytics - INFO - Plotting predicted volume for exercise 'Seated dumbbell shoulder press'...
2024-02-08 13:11:34,025 - data_analytics - INFO - Plotted predicted volume for exercise 'Seated dumbbell shoulder press'.
2024-02-08 13:11:34,025 - data_analytics - INFO - Plotting predicted volume for exercise 'Hammer Curls'...
2024-02-08 13:11:35,621 - data_analytics - INFO - Plotted predicted volume for exercise 'Hammer Curls'.
2024-02-08 13:11:35,621 - data_analytics - INFO - Plotting predicted volume for exercise 'Leg Extensions'...
2024-02-08 13:11:37,435 - data_analytics - INFO - Plotted predicted volume for exercise 'Leg Extensions'.
2024-02-08 13:11:37,436 - data_analytics - INFO - Plotting predicted volume for exercise 'Dumbbell lateral raise'...
2024-02-08 13:11:39,087 - data_analytics - INFO - Plotted predicted volume for exercise 'Dumbbell lateral raise'.
2024-02-08 13:11:39,087 - data_analytics - INFO - Plotting predicted volume for exercise 'Triceps Pushdown'...
2024-02-08 13:11:40,723 - data_analytics - INFO - Plotted predicted volume for exercise 'Triceps Pushdown'.
2024-02-08 13:11:40,723 - data_analytics - INFO - Plotting predicted volume for exercise 'Dumbbell Bench Press'...
2024-02-08 13:11:42,583 - data_analytics - INFO - Plotted predicted volume for exercise 'Dumbbell Bench Press'.
2024-02-08 13:11:42,583 - data_analytics - INFO - Plotting predicted volume for exercise 'Bent Over Barbell Row'...
2024-02-08 13:11:44,272 - data_analytics - INFO - Plotted predicted volume for exercise 'Bent Over Barbell Row'.
2024-02-08 13:11:44,272 - data_analytics - INFO - Plotting predicted volume for exercise 'Low-cable cross-over'...
2024-02-08 13:11:46,051 - data_analytics - INFO - Plotted predicted volume for exercise 'Low-cable cross-over'.
2024-02-08 13:11:46,051 - data_analytics - INFO - Plotted predicted volume for each exercise.
2024-02-08 15:19:41,120 - data_analytics - INFO - Plotting predicted volume for each exercise...
2024-02-08 15:19:41,126 - data_analytics - INFO - Plotting predicted volume for exercise 'Standing crossed-cable rear delt fly'...
2024-02-08 15:19:43,273 - data_analytics - INFO - Plotted predicted volume for exercise 'Standing crossed-cable rear delt fly'.
2024-02-08 15:19:43,273 - data_analytics - INFO - Plotting predicted volume for exercise 'Bench press'...
2024-02-08 15:19:44,888 - data_analytics - INFO - Plotted predicted volume for exercise 'Bench press'.
2024-02-08 15:19:44,888 - data_analytics - INFO - Plotting predicted volume for exercise 'Straight-arm cable pull-over'...
2024-02-08 15:19:46,660 - data_analytics - INFO - Plotted predicted volume for exercise 'Straight-arm cable pull-over'.
2024-02-08 15:19:46,660 - data_analytics - INFO - Plotting predicted volume for exercise 'Barbell Squat'...
2024-02-08 15:19:48,264 - data_analytics - INFO - Plotted predicted volume for exercise 'Barbell Squat'.
2024-02-08 15:19:48,265 - data_analytics - INFO - Plotting predicted volume for exercise 'Seated Cable Rows'...
2024-02-08 15:19:50,089 - data_analytics - INFO - Plotted predicted volume for exercise 'Seated Cable Rows'.
2024-02-08 15:19:50,089 - data_analytics - INFO - Plotting predicted volume for exercise 'Incline dumbbell biceps curl'...
2024-02-08 15:19:51,732 - data_analytics - INFO - Plotted predicted volume for exercise 'Incline dumbbell biceps curl'.
2024-02-08 15:19:51,732 - data_analytics - INFO - Plotting predicted volume for exercise 'Leg Press'...
2024-02-08 15:19:53,546 - data_analytics - INFO - Plotted predicted volume for exercise 'Leg Press'.
2024-02-08 15:19:53,546 - data_analytics - INFO - Plotting predicted volume for exercise 'Lat pull-down'...
2024-02-08 15:19:55,181 - data_analytics - INFO - Plotted predicted volume for exercise 'Lat pull-down'.
2024-02-08 15:19:55,182 - data_analytics - INFO - Plotting predicted volume for exercise 'Incline dumbbell bench press'...
2024-02-08 15:19:56,964 - data_analytics - INFO - Plotted predicted volume for exercise 'Incline dumbbell bench press'.
2024-02-08 15:19:56,964 - data_analytics - INFO - Plotting predicted volume for exercise 'Pull-up'...
2024-02-08 15:19:58,578 - data_analytics - INFO - Plotted predicted volume for exercise 'Pull-up'.
2024-02-08 15:19:58,578 - data_analytics - INFO - Plotting predicted volume for exercise 'Behind-the-head skullcrusher'...
2024-02-08 15:20:00,370 - data_analytics - INFO - Plotted predicted volume for exercise 'Behind-the-head skullcrusher'.
2024-02-08 15:20:00,370 - data_analytics - INFO - Plotting predicted volume for exercise 'Smith machine standing calf raise'...
2024-02-08 15:20:01,987 - data_analytics - INFO - Plotted predicted volume for exercise 'Smith machine standing calf raise'.
2024-02-08 15:20:01,987 - data_analytics - INFO - Plotting predicted volume for exercise 'Seated dumbbell shoulder press'...
2024-02-08 15:20:03,770 - data_analytics - INFO - Plotted predicted volume for exercise 'Seated dumbbell shoulder press'.
2024-02-08 15:20:03,771 - data_analytics - INFO - Plotting predicted volume for exercise 'Hammer Curls'...
2024-02-08 15:20:05,395 - data_analytics - INFO - Plotted predicted volume for exercise 'Hammer Curls'.
2024-02-08 15:20:05,395 - data_analytics - INFO - Plotting predicted volume for exercise 'Leg Extensions'...
2024-02-08 15:20:07,189 - data_analytics - INFO - Plotted predicted volume for exercise 'Leg Extensions'.
2024-02-08 15:20:07,189 - data_analytics - INFO - Plotting predicted volume for exercise 'Dumbbell lateral raise'...
2024-02-08 15:20:08,805 - data_analytics - INFO - Plotted predicted volume for exercise 'Dumbbell lateral raise'.
2024-02-08 15:20:08,805 - data_analytics - INFO - Plotting predicted volume for exercise 'Triceps Pushdown'...
2024-02-08 15:20:10,435 - data_analytics - INFO - Plotted predicted volume for exercise 'Triceps Pushdown'.
2024-02-08 15:20:10,435 - data_analytics - INFO - Plotting predicted volume for exercise 'Dumbbell Bench Press'...
2024-02-08 15:20:12,236 - data_analytics - INFO - Plotted predicted volume for exercise 'Dumbbell Bench Press'.
2024-02-08 15:20:12,236 - data_analytics - INFO - Plotting predicted volume for exercise 'Bent Over Barbell Row'...
2024-02-08 15:20:13,867 - data_analytics - INFO - Plotted predicted volume for exercise 'Bent Over Barbell Row'.
2024-02-08 15:20:13,867 - data_analytics - INFO - Plotting predicted volume for exercise 'Low-cable cross-over'...
2024-02-08 15:20:15,660 - data_analytics - INFO - Plotted predicted volume for exercise 'Low-cable cross-over'.
2024-02-08 15:20:15,660 - data_analytics - INFO - Plotted predicted volume for each exercise.
2024-02-08 15:20:15,660 - data_analytics - INFO - Plotting the distribution of the workout types...
2024-02-08 15:20:15,681 - data_analytics - INFO - Plotted the distribution of the workout types.
2024-02-08 15:20:15,681 - data_analytics - INFO - Plotting the distribution of the targeted muscle groups...
2024-02-08 15:20:15,699 - data_analytics - INFO - Plotted the distribution of the targeted muscle groups.
2024-02-08 15:20:15,699 - data_analytics - INFO - Plotting the evolution of the weight and reps over time...
2024-02-08 15:20:15,721 - data_analytics - INFO - Plotted the evolution of the weight and reps over time.
2024-02-08 17:29:11,257 - data_analytics - INFO - Plotting predicted volume for each exercise...
2024-02-08 17:29:11,261 - data_analytics - INFO - Plotting predicted volume for exercise 'Standing crossed-cable rear delt fly'...
2024-02-08 17:29:13,437 - data_analytics - ERROR - Error occurred while plotting predicted volume for exercise 'Standing crossed-cable rear delt fly': [Errno 2] No such file or directory: '/Users/gabriel-macbook/Library/CloudStorage/OneDrive-Efrei/Efrei/M2/Machine Learning in Production/mlops-workout/data/plots/predicted_volume/Standing crossed-cable rear delt fly.html'
2024-02-08 17:34:10,964 - data_analytics - INFO - Plotting predicted volume for each exercise...
2024-02-08 17:34:10,967 - data_analytics - INFO - Plotting predicted volume for exercise 'Standing crossed-cable rear delt fly'...
2024-02-08 17:34:13,101 - data_analytics - INFO - Plotted predicted volume for exercise 'Standing crossed-cable rear delt fly'.
2024-02-08 17:34:13,101 - data_analytics - INFO - Plotting predicted volume for exercise 'Bench press'...
2024-02-08 17:34:14,732 - data_analytics - INFO - Plotted predicted volume for exercise 'Bench press'.
2024-02-08 17:34:14,732 - data_analytics - INFO - Plotting predicted volume for exercise 'Straight-arm cable pull-over'...
2024-02-08 17:34:16,482 - data_analytics - INFO - Plotted predicted volume for exercise 'Straight-arm cable pull-over'.
2024-02-08 17:34:16,482 - data_analytics - INFO - Plotting predicted volume for exercise 'Barbell Squat'...
2024-02-08 17:34:18,098 - data_analytics - INFO - Plotted predicted volume for exercise 'Barbell Squat'.
2024-02-08 17:34:18,098 - data_analytics - INFO - Plotting predicted volume for exercise 'Seated Cable Rows'...
2024-02-08 17:34:19,909 - data_analytics - INFO - Plotted predicted volume for exercise 'Seated Cable Rows'.
2024-02-08 17:34:19,909 - data_analytics - INFO - Plotting predicted volume for exercise 'Incline dumbbell biceps curl'...
2024-02-08 17:34:21,543 - data_analytics - INFO - Plotted predicted volume for exercise 'Incline dumbbell biceps curl'.
2024-02-08 17:34:21,543 - data_analytics - INFO - Plotting predicted volume for exercise 'Leg Press'...
2024-02-08 17:34:23,348 - data_analytics - INFO - Plotted predicted volume for exercise 'Leg Press'.
2024-02-08 17:34:23,348 - data_analytics - INFO - Plotting predicted volume for exercise 'Lat pull-down'...
2024-02-08 17:34:24,966 - data_analytics - INFO - Plotted predicted volume for exercise 'Lat pull-down'.
2024-02-08 17:34:24,966 - data_analytics - INFO - Plotting predicted volume for exercise 'Incline dumbbell bench press'...
2024-02-08 17:34:26,757 - data_analytics - INFO - Plotted predicted volume for exercise 'Incline dumbbell bench press'.
2024-02-08 17:34:26,757 - data_analytics - INFO - Plotting predicted volume for exercise 'Pull-up'...
2024-02-08 17:34:28,393 - data_analytics - INFO - Plotted predicted volume for exercise 'Pull-up'.
2024-02-08 17:34:28,393 - data_analytics - INFO - Plotting predicted volume for exercise 'Behind-the-head skullcrusher'...
2024-02-08 17:34:30,204 - data_analytics - INFO - Plotted predicted volume for exercise 'Behind-the-head skullcrusher'.
2024-02-08 17:34:30,204 - data_analytics - INFO - Plotting predicted volume for exercise 'Smith machine standing calf raise'...
2024-02-08 17:34:31,849 - data_analytics - INFO - Plotted predicted volume for exercise 'Smith machine standing calf raise'.
2024-02-08 17:34:31,849 - data_analytics - INFO - Plotting predicted volume for exercise 'Seated dumbbell shoulder press'...
2024-02-08 17:34:33,639 - data_analytics - INFO - Plotted predicted volume for exercise 'Seated dumbbell shoulder press'.
2024-02-08 17:34:33,639 - data_analytics - INFO - Plotting predicted volume for exercise 'Hammer Curls'...
2024-02-08 17:34:35,264 - data_analytics - INFO - Plotted predicted volume for exercise 'Hammer Curls'.
2024-02-08 17:34:35,264 - data_analytics - INFO - Plotting predicted volume for exercise 'Leg Extensions'...
2024-02-08 17:34:37,072 - data_analytics - INFO - Plotted predicted volume for exercise 'Leg Extensions'.
2024-02-08 17:34:37,072 - data_analytics - INFO - Plotting predicted volume for exercise 'Dumbbell lateral raise'...
2024-02-08 17:34:38,725 - data_analytics - INFO - Plotted predicted volume for exercise 'Dumbbell lateral raise'.
2024-02-08 17:34:38,725 - data_analytics - INFO - Plotting predicted volume for exercise 'Triceps Pushdown'...
2024-02-08 17:34:40,359 - data_analytics - INFO - Plotted predicted volume for exercise 'Triceps Pushdown'.
2024-02-08 17:34:40,359 - data_analytics - INFO - Plotting predicted volume for exercise 'Dumbbell Bench Press'...
2024-02-08 17:34:42,186 - data_analytics - INFO - Plotted predicted volume for exercise 'Dumbbell Bench Press'.
2024-02-08 17:34:42,187 - data_analytics - INFO - Plotting predicted volume for exercise 'Bent Over Barbell Row'...
2024-02-08 17:34:43,883 - data_analytics - INFO - Plotted predicted volume for exercise 'Bent Over Barbell Row'.
2024-02-08 17:34:43,883 - data_analytics - INFO - Plotting predicted volume for exercise 'Low-cable cross-over'...
2024-02-08 17:34:45,722 - data_analytics - INFO - Plotted predicted volume for exercise 'Low-cable cross-over'.
2024-02-08 17:34:45,722 - data_analytics - INFO - Plotted predicted volume for each exercise.
2024-02-08 17:34:45,722 - data_analytics - INFO - Plotting the distribution of the workout types...
2024-02-08 17:34:45,745 - data_analytics - INFO - Plotted the distribution of the workout types.
2024-02-08 17:34:45,745 - data_analytics - INFO - Plotting the distribution of the targeted muscle groups...
2024-02-08 17:34:45,766 - data_analytics - INFO - Plotted the distribution of the targeted muscle groups.
2024-02-08 17:34:45,767 - data_analytics - INFO - Plotting the evolution of the weight and reps over time...
2024-02-08 17:34:45,792 - data_analytics - INFO - Plotted the evolution of the weight and reps over time.
2024-02-08 20:17:11,243 - data_analytics - INFO - Plotting predicted volume for each exercise...
2024-02-08 20:17:11,245 - data_analytics - INFO - Plotting predicted volume for exercise 'Standing crossed-cable rear delt fly'...
2024-02-08 20:17:13,391 - data_analytics - INFO - Plotted predicted volume for exercise 'Standing crossed-cable rear delt fly'.
2024-02-08 20:17:13,391 - data_analytics - INFO - Plotting predicted volume for exercise 'Bench press'...
2024-02-08 20:17:15,292 - data_analytics - INFO - Plotted predicted volume for exercise 'Bench press'.
2024-02-08 20:17:15,292 - data_analytics - INFO - Plotting predicted volume for exercise 'Straight-arm cable pull-over'...
2024-02-08 20:17:17,131 - data_analytics - INFO - Plotted predicted volume for exercise 'Straight-arm cable pull-over'.
2024-02-08 20:17:17,131 - data_analytics - INFO - Plotting predicted volume for exercise 'Barbell Squat'...
2024-02-08 20:17:18,739 - data_analytics - INFO - Plotted predicted volume for exercise 'Barbell Squat'.
2024-02-08 20:17:18,739 - data_analytics - INFO - Plotting predicted volume for exercise 'Seated Cable Rows'...
2024-02-08 20:17:20,592 - data_analytics - INFO - Plotted predicted volume for exercise 'Seated Cable Rows'.
2024-02-08 20:17:20,592 - data_analytics - INFO - Plotting predicted volume for exercise 'Incline dumbbell biceps curl'...
2024-02-08 20:17:22,244 - data_analytics - INFO - Plotted predicted volume for exercise 'Incline dumbbell biceps curl'.
2024-02-08 20:17:22,245 - data_analytics - INFO - Plotting predicted volume for exercise 'Leg Press'...
2024-02-08 20:17:24,060 - data_analytics - INFO - Plotted predicted volume for exercise 'Leg Press'.
2024-02-08 20:17:24,060 - data_analytics - INFO - Plotting predicted volume for exercise 'Lat pull-down'...
2024-02-08 20:17:25,699 - data_analytics - INFO - Plotted predicted volume for exercise 'Lat pull-down'.
2024-02-08 20:17:25,699 - data_analytics - INFO - Plotting predicted volume for exercise 'Incline dumbbell bench press'...
2024-02-08 20:17:27,496 - data_analytics - INFO - Plotted predicted volume for exercise 'Incline dumbbell bench press'.
2024-02-08 20:17:27,496 - data_analytics - INFO - Plotting predicted volume for exercise 'Pull-up'...
2024-02-08 20:17:29,176 - data_analytics - INFO - Plotted predicted volume for exercise 'Pull-up'.
2024-02-08 20:17:29,176 - data_analytics - INFO - Plotting predicted volume for exercise 'Behind-the-head skullcrusher'...
2024-02-08 20:17:31,029 - data_analytics - INFO - Plotted predicted volume for exercise 'Behind-the-head skullcrusher'.
2024-02-08 20:17:31,029 - data_analytics - INFO - Plotting predicted volume for exercise 'Smith machine standing calf raise'...
2024-02-08 20:17:32,687 - data_analytics - INFO - Plotted predicted volume for exercise 'Smith machine standing calf raise'.
2024-02-08 20:17:32,687 - data_analytics - INFO - Plotting predicted volume for exercise 'Seated dumbbell shoulder press'...
2024-02-08 20:17:34,541 - data_analytics - INFO - Plotted predicted volume for exercise 'Seated dumbbell shoulder press'.
2024-02-08 20:17:34,541 - data_analytics - INFO - Plotting predicted volume for exercise 'Hammer Curls'...
2024-02-08 20:17:36,207 - data_analytics - INFO - Plotted predicted volume for exercise 'Hammer Curls'.
2024-02-08 20:17:36,207 - data_analytics - INFO - Plotting predicted volume for exercise 'Leg Extensions'...
2024-02-08 20:17:38,081 - data_analytics - INFO - Plotted predicted volume for exercise 'Leg Extensions'.
2024-02-08 20:17:38,081 - data_analytics - INFO - Plotting predicted volume for exercise 'Dumbbell lateral raise'...
2024-02-08 20:17:39,772 - data_analytics - INFO - Plotted predicted volume for exercise 'Dumbbell lateral raise'.
2024-02-08 20:17:39,772 - data_analytics - INFO - Plotting predicted volume for exercise 'Triceps Pushdown'...
2024-02-08 20:17:41,411 - data_analytics - INFO - Plotted predicted volume for exercise 'Triceps Pushdown'.
2024-02-08 20:17:41,411 - data_analytics - INFO - Plotting predicted volume for exercise 'Dumbbell Bench Press'...
2024-02-08 20:17:43,250 - data_analytics - INFO - Plotted predicted volume for exercise 'Dumbbell Bench Press'.
2024-02-08 20:17:43,250 - data_analytics - INFO - Plotting predicted volume for exercise 'Bent Over Barbell Row'...
2024-02-08 20:17:44,945 - data_analytics - INFO - Plotted predicted volume for exercise 'Bent Over Barbell Row'.
2024-02-08 20:17:44,945 - data_analytics - INFO - Plotting predicted volume for exercise 'Low-cable cross-over'...
2024-02-08 20:17:46,800 - data_analytics - INFO - Plotted predicted volume for exercise 'Low-cable cross-over'.
2024-02-08 20:17:46,800 - data_analytics - INFO - Plotted predicted volume for each exercise.
2024-02-08 20:17:46,801 - data_analytics - INFO - Plotting the distribution of the workout types...
2024-02-08 20:17:46,822 - data_analytics - INFO - Plotted the distribution of the workout types.
2024-02-08 20:17:46,822 - data_analytics - INFO - Plotting the distribution of the targeted muscle groups...
2024-02-08 20:17:46,842 - data_analytics - INFO - Plotted the distribution of the targeted muscle groups.
2024-02-08 20:17:46,842 - data_analytics - INFO - Plotting the evolution of the weight and reps over time...
2024-02-08 20:17:46,865 - data_analytics - INFO - Plotted the evolution of the weight and reps over time.
