2024-02-06 15:25:27,899 - data_loading - INFO - Loading workout data...
2024-02-06 15:25:27,920 - data_loading - INFO - Workout data loaded.
2024-02-06 15:25:31,013 - data_loading - INFO - Loading workout data...
2024-02-06 15:25:31,025 - data_loading - INFO - Workout data loaded.
2024-02-06 15:30:55,088 - data_loading - INFO - Loading workout data...
2024-02-06 15:30:55,103 - data_loading - INFO - Workout data loaded.
2024-02-06 15:34:13,205 - data_loading - INFO - Loading workout data...
2024-02-06 15:34:13,218 - data_loading - INFO - Workout data loaded.
2024-02-06 15:45:03,948 - data_loading - INFO - Loading workout data...
2024-02-06 15:45:03,962 - data_loading - INFO - Workout data loaded.
2024-02-06 15:45:09,024 - data_loading - INFO - Loading workout data...
2024-02-06 15:45:09,044 - data_loading - INFO - Workout data loaded.
2024-02-06 15:46:04,580 - data_loading - INFO - Loading workout data...
2024-02-06 15:46:04,604 - data_loading - INFO - Workout data loaded.
2024-02-06 15:46:14,302 - data_loading - INFO - Loading workout data...
2024-02-06 15:46:14,313 - data_loading - INFO - Workout data loaded.
2024-02-06 15:47:15,357 - data_loading - INFO - Loading workout data...
2024-02-06 15:47:15,376 - data_loading - INFO - Workout data loaded.
2024-02-06 16:04:25,354 - data_loading - INFO - Loading workout data...
2024-02-06 16:04:25,368 - data_loading - INFO - Workout data loaded.
2024-02-06 16:04:30,925 - data_loading - INFO - Loading workout data...
2024-02-06 16:04:30,944 - data_loading - INFO - Workout data loaded.
2024-02-06 16:04:33,110 - data_loading - INFO - Loading workout data...
2024-02-06 16:04:33,123 - data_loading - INFO - Workout data loaded.
2024-02-06 16:04:38,088 - data_loading - INFO - Loading workout data...
2024-02-06 16:04:38,099 - data_loading - INFO - Workout data loaded.
2024-02-06 16:04:39,884 - data_loading - INFO - Loading filtered exercise data...
2024-02-06 16:04:39,885 - data_loading - ERROR - An error occurred loading filtered exercise data: [Errno 2] No such file or directory: './data/current/filtered_exercise_data.csv'
2024-02-06 16:04:41,486 - data_loading - INFO - Loading workout data...
2024-02-06 16:04:41,497 - data_loading - INFO - Workout data loaded.
2024-02-06 16:04:42,102 - data_loading - INFO - Loading filtered exercise data...
2024-02-06 16:04:42,102 - data_loading - ERROR - An error occurred loading filtered exercise data: [Errno 2] No such file or directory: './data/current/filtered_exercise_data.csv'
2024-02-06 16:05:11,004 - data_loading - INFO - Loading filtered exercise data...
2024-02-06 16:05:11,006 - data_loading - ERROR - An error occurred loading filtered exercise data: [Errno 2] No such file or directory: './data/current/filtered_exercise_data.csv'
2024-02-06 16:05:12,273 - data_loading - INFO - Loading filtered exercise data...
2024-02-06 16:05:12,274 - data_loading - ERROR - An error occurred loading filtered exercise data: [Errno 2] No such file or directory: './data/current/filtered_exercise_data.csv'
2024-02-06 16:05:13,175 - data_loading - INFO - Loading workout data...
2024-02-06 16:05:13,191 - data_loading - INFO - Workout data loaded.
2024-02-06 16:05:13,746 - data_loading - INFO - Loading filtered exercise data...
2024-02-06 16:05:13,746 - data_loading - ERROR - An error occurred loading filtered exercise data: [Errno 2] No such file or directory: './data/current/filtered_exercise_data.csv'
2024-02-06 16:05:24,636 - data_loading - INFO - Loading filtered exercise data...
2024-02-06 16:05:24,646 - data_loading - INFO - Filtered exercise data loaded.
2024-02-06 16:06:03,707 - data_loading - INFO - Loading workout data...
2024-02-06 16:06:03,743 - data_loading - INFO - Workout data loaded.
2024-02-06 16:06:08,088 - data_loading - INFO - Loading filtered exercise data...
2024-02-06 16:06:08,092 - data_loading - INFO - Filtered exercise data loaded.
2024-02-06 16:12:17,403 - data_loading - INFO - Loading filtered exercise data...
2024-02-06 16:12:17,418 - data_loading - INFO - Filtered exercise data loaded.
2024-02-06 16:12:45,420 - data_loading - INFO - Loading workout data...
2024-02-06 16:12:45,426 - data_loading - INFO - Workout data loaded.
2024-02-06 16:13:08,960 - data_loading - INFO - Loading workout data...
2024-02-06 16:13:08,976 - data_loading - INFO - Workout data loaded.
2024-02-06 16:13:11,042 - data_loading - INFO - Loading workout data...
2024-02-06 16:13:11,061 - data_loading - INFO - Workout data loaded.
2024-02-06 16:13:11,921 - data_loading - INFO - Loading filtered exercise data...
2024-02-06 16:13:11,925 - data_loading - INFO - Filtered exercise data loaded.
2024-02-06 16:17:22,011 - data_loading - INFO - Loading workout data...
2024-02-06 16:17:22,026 - data_loading - INFO - Workout data loaded.
2024-02-06 16:33:23,936 - data_loading - INFO - Loading workout data...
2024-02-06 16:33:23,955 - data_loading - INFO - Workout data loaded.
2024-02-06 16:40:45,372 - data_loading - INFO - Loading filtered exercise data...
2024-02-06 16:40:45,393 - data_loading - INFO - Filtered exercise data loaded.
2024-02-06 17:07:47,916 - data_loading - INFO - Loading filtered exercise data...
2024-02-06 17:07:47,955 - data_loading - INFO - Filtered exercise data loaded.
2024-02-06 17:07:49,323 - data_loading - INFO - Loading workout data...
2024-02-06 17:07:49,337 - data_loading - INFO - Workout data loaded.
2024-02-06 17:08:19,779 - data_loading - INFO - Loading filtered exercise data...
2024-02-06 17:08:19,786 - data_loading - INFO - Filtered exercise data loaded.
2024-02-06 17:10:46,327 - data_loading - INFO - Loading workout data...
2024-02-06 17:10:46,358 - data_loading - INFO - Workout data loaded.
2024-02-06 17:11:06,765 - data_loading - INFO - Loading filtered exercise data...
2024-02-06 17:11:06,771 - data_loading - INFO - Filtered exercise data loaded.
2024-02-06 17:54:59,768 - data_loading - INFO - Loading filtered exercise data...
2024-02-06 17:54:59,777 - data_loading - INFO - Filtered exercise data loaded.
2024-02-06 18:10:03,194 - data_loading - INFO - Loading workout data...
2024-02-06 18:10:03,214 - data_loading - INFO - Workout data loaded.
2024-02-06 18:14:20,629 - data_loading - INFO - Loading workout data...
2024-02-06 18:14:20,649 - data_loading - INFO - Workout data loaded.
2024-02-06 18:30:54,835 - data_loading - INFO - Loading workout data...
2024-02-06 18:30:54,857 - data_loading - INFO - Workout data loaded.
2024-02-06 18:30:58,473 - data_loading - INFO - Loading workout data...
2024-02-06 18:30:58,484 - data_loading - INFO - Workout data loaded.
2024-02-06 18:32:59,347 - data_loading - INFO - Loading workout data...
2024-02-06 18:32:59,359 - data_loading - INFO - Workout data loaded.
2024-02-06 18:34:43,582 - data_loading - INFO - Loading workout data...
2024-02-06 18:34:43,601 - data_loading - INFO - Workout data loaded.
2024-02-06 18:37:36,881 - data_loading - INFO - Loading workout data...
2024-02-06 18:37:36,895 - data_loading - INFO - Workout data loaded.
2024-02-06 18:38:02,211 - data_loading - INFO - Loading workout data...
2024-02-06 18:38:02,229 - data_loading - INFO - Workout data loaded.
2024-02-06 18:38:05,009 - data_loading - INFO - Loading workout data...
2024-02-06 18:38:05,022 - data_loading - INFO - Workout data loaded.
2024-02-06 18:40:18,781 - data_loading - INFO - Loading workout data...
2024-02-06 18:40:18,794 - data_loading - INFO - Workout data loaded.
2024-02-06 18:41:10,559 - data_loading - INFO - Loading workout data...
2024-02-06 18:41:10,565 - data_loading - INFO - Workout data loaded.
2024-02-06 18:41:18,199 - data_loading - INFO - Loading filtered exercise data...
2024-02-06 18:41:18,206 - data_loading - INFO - Filtered exercise data loaded.
2024-02-06 18:41:23,286 - data_loading - INFO - Loading workout data...
2024-02-06 18:41:23,299 - data_loading - INFO - Workout data loaded.
2024-02-06 18:45:31,283 - data_loading - INFO - Loading workout data...
2024-02-06 18:45:31,293 - data_loading - INFO - Workout data loaded.
2024-02-06 18:46:24,881 - data_loading - INFO - Loading workout data...
2024-02-06 18:46:24,892 - data_loading - INFO - Workout data loaded.
2024-02-06 18:47:42,170 - data_loading - INFO - Loading workout data...
2024-02-06 18:47:42,181 - data_loading - INFO - Workout data loaded.
2024-02-06 18:47:49,612 - data_loading - INFO - Loading workout data...
2024-02-06 18:47:49,625 - data_loading - INFO - Workout data loaded.
2024-02-06 18:47:50,574 - data_loading - INFO - Loading filtered exercise data...
2024-02-06 18:47:50,578 - data_loading - INFO - Filtered exercise data loaded.
2024-02-06 18:47:51,336 - data_loading - INFO - Loading workout data...
2024-02-06 18:47:51,347 - data_loading - INFO - Workout data loaded.
2024-02-06 18:47:53,506 - data_loading - INFO - Loading workout data...
2024-02-06 18:47:53,518 - data_loading - INFO - Workout data loaded.
2024-02-06 18:47:54,885 - data_loading - INFO - Loading filtered exercise data...
2024-02-06 18:47:54,890 - data_loading - INFO - Filtered exercise data loaded.
2024-02-06 18:48:24,374 - data_loading - INFO - Loading filtered exercise data...
2024-02-06 18:48:24,376 - data_loading - INFO - Filtered exercise data loaded.
2024-02-06 18:48:26,204 - data_loading - INFO - Loading filtered exercise data...
2024-02-06 18:48:26,209 - data_loading - INFO - Filtered exercise data loaded.
2024-02-06 18:48:26,755 - data_loading - INFO - Loading workout data...
2024-02-06 18:48:26,767 - data_loading - INFO - Workout data loaded.
2024-02-06 18:48:28,299 - data_loading - INFO - Loading filtered exercise data...
2024-02-06 18:48:28,304 - data_loading - INFO - Filtered exercise data loaded.
2024-02-06 18:49:48,636 - data_loading - INFO - Loading filtered exercise data...
2024-02-06 18:49:48,638 - data_loading - INFO - Filtered exercise data loaded.
2024-02-06 18:49:58,757 - data_loading - INFO - Loading filtered exercise data...
2024-02-06 18:49:58,763 - data_loading - INFO - Filtered exercise data loaded.
2024-02-06 18:49:59,393 - data_loading - INFO - Loading workout data...
2024-02-06 18:49:59,405 - data_loading - INFO - Workout data loaded.
2024-02-06 18:50:00,609 - data_loading - INFO - Loading filtered exercise data...
2024-02-06 18:50:00,613 - data_loading - INFO - Filtered exercise data loaded.
2024-02-06 18:50:01,499 - data_loading - INFO - Loading workout data...
2024-02-06 18:50:01,511 - data_loading - INFO - Workout data loaded.
2024-02-06 18:50:25,267 - data_loading - INFO - Loading workout data...
2024-02-06 18:50:25,279 - data_loading - INFO - Workout data loaded.
2024-02-06 18:50:34,920 - data_loading - INFO - Loading workout data...
2024-02-06 18:50:34,932 - data_loading - INFO - Workout data loaded.
2024-02-06 18:51:46,721 - data_loading - INFO - Loading workout data...
2024-02-06 18:51:46,727 - data_loading - INFO - Workout data loaded.
2024-02-06 18:52:00,034 - data_loading - INFO - Loading workout data...
2024-02-06 18:52:00,040 - data_loading - INFO - Workout data loaded.
2024-02-06 18:52:07,958 - data_loading - INFO - Loading workout data...
2024-02-06 18:52:07,969 - data_loading - INFO - Workout data loaded.
2024-02-06 18:52:09,167 - data_loading - INFO - Loading workout data...
2024-02-06 18:52:09,177 - data_loading - INFO - Workout data loaded.
2024-02-06 18:52:13,381 - data_loading - INFO - Loading workout data...
2024-02-06 18:52:13,392 - data_loading - INFO - Workout data loaded.
2024-02-06 18:52:22,055 - data_loading - INFO - Loading workout data...
2024-02-06 18:52:22,067 - data_loading - INFO - Workout data loaded.
2024-02-06 18:52:43,248 - data_loading - INFO - Loading filtered exercise data...
2024-02-06 18:52:43,254 - data_loading - INFO - Filtered exercise data loaded.
2024-02-06 18:52:47,530 - data_loading - INFO - Loading workout data...
2024-02-06 18:52:47,542 - data_loading - INFO - Workout data loaded.
2024-02-06 18:52:53,316 - data_loading - INFO - Loading workout data...
2024-02-06 18:52:53,322 - data_loading - INFO - Workout data loaded.
2024-02-06 18:52:56,084 - data_loading - INFO - Loading filtered exercise data...
2024-02-06 18:52:56,089 - data_loading - INFO - Filtered exercise data loaded.
2024-02-06 18:52:56,789 - data_loading - INFO - Loading workout data...
2024-02-06 18:52:56,800 - data_loading - INFO - Workout data loaded.
2024-02-06 18:52:58,736 - data_loading - INFO - Loading filtered exercise data...
2024-02-06 18:52:58,741 - data_loading - INFO - Filtered exercise data loaded.
2024-02-06 18:52:59,421 - data_loading - INFO - Loading workout data...
2024-02-06 18:52:59,433 - data_loading - INFO - Workout data loaded.
2024-02-06 18:53:57,072 - data_loading - INFO - Loading workout data...
2024-02-06 18:53:57,085 - data_loading - INFO - Workout data loaded.
2024-02-06 18:54:08,788 - data_loading - INFO - Loading workout data...
2024-02-06 18:54:08,798 - data_loading - INFO - Workout data loaded.
2024-02-06 18:54:23,440 - data_loading - INFO - Loading workout data...
2024-02-06 18:54:23,447 - data_loading - INFO - Workout data loaded.
2024-02-06 18:54:35,028 - data_loading - INFO - Loading workout data...
2024-02-06 18:54:35,039 - data_loading - INFO - Workout data loaded.
2024-02-06 18:54:40,830 - data_loading - INFO - Loading workout data...
2024-02-06 18:54:40,843 - data_loading - INFO - Workout data loaded.
2024-02-06 18:55:50,637 - data_loading - INFO - Loading workout data...
2024-02-06 18:55:50,650 - data_loading - INFO - Workout data loaded.
2024-02-06 18:56:06,667 - data_loading - INFO - Loading workout data...
2024-02-06 18:56:06,674 - data_loading - INFO - Workout data loaded.
2024-02-06 18:56:44,091 - data_loading - INFO - Loading workout data...
2024-02-06 18:56:44,097 - data_loading - INFO - Workout data loaded.
2024-02-06 18:56:57,117 - data_loading - INFO - Loading workout data...
2024-02-06 18:56:57,129 - data_loading - INFO - Workout data loaded.
2024-02-06 18:57:41,052 - data_loading - INFO - Loading workout data...
2024-02-06 18:57:41,064 - data_loading - INFO - Workout data loaded.
2024-02-06 18:59:47,672 - data_loading - INFO - Loading workout data...
2024-02-06 18:59:47,685 - data_loading - INFO - Workout data loaded.
2024-02-06 19:00:06,816 - data_loading - INFO - Loading workout data...
2024-02-06 19:00:06,829 - data_loading - INFO - Workout data loaded.
2024-02-06 19:00:58,183 - data_loading - INFO - Loading workout data...
2024-02-06 19:00:58,190 - data_loading - INFO - Workout data loaded.
2024-02-06 19:01:23,977 - data_loading - INFO - Loading workout data...
2024-02-06 19:01:23,984 - data_loading - INFO - Workout data loaded.
2024-02-06 19:01:35,520 - data_loading - INFO - Loading workout data...
2024-02-06 19:01:35,526 - data_loading - INFO - Workout data loaded.
2024-02-06 19:01:54,827 - data_loading - INFO - Loading workout data...
2024-02-06 19:01:54,840 - data_loading - INFO - Workout data loaded.
2024-02-06 19:02:03,246 - data_loading - INFO - Loading workout data...
2024-02-06 19:02:03,258 - data_loading - INFO - Workout data loaded.
2024-02-06 19:02:04,831 - data_loading - INFO - Loading filtered exercise data...
2024-02-06 19:02:04,837 - data_loading - INFO - Filtered exercise data loaded.
2024-02-06 19:02:09,826 - data_loading - INFO - Loading workout data...
2024-02-06 19:02:09,839 - data_loading - INFO - Workout data loaded.
2024-02-06 19:02:11,211 - data_loading - INFO - Loading filtered exercise data...
2024-02-06 19:02:11,215 - data_loading - INFO - Filtered exercise data loaded.
2024-02-06 19:03:12,491 - data_loading - INFO - Loading filtered exercise data...
2024-02-06 19:03:12,495 - data_loading - INFO - Filtered exercise data loaded.
2024-02-06 19:03:17,489 - data_loading - INFO - Loading filtered exercise data...
2024-02-06 19:03:17,500 - data_loading - INFO - Filtered exercise data loaded.
2024-02-06 19:03:21,723 - data_loading - INFO - Loading filtered exercise data...
2024-02-06 19:03:21,728 - data_loading - INFO - Filtered exercise data loaded.
2024-02-06 19:03:22,359 - data_loading - INFO - Loading workout data...
2024-02-06 19:03:22,372 - data_loading - INFO - Workout data loaded.
2024-02-06 19:03:26,093 - data_loading - INFO - Loading filtered exercise data...
2024-02-06 19:03:26,099 - data_loading - INFO - Filtered exercise data loaded.
2024-02-06 19:37:45,968 - data_loading - INFO - Loading filtered exercise data...
2024-02-06 19:37:45,979 - data_loading - INFO - Filtered exercise data loaded.
2024-02-06 19:37:51,058 - data_loading - INFO - Loading workout data...
2024-02-06 19:37:51,073 - data_loading - INFO - Workout data loaded.
2024-02-06 19:37:52,278 - data_loading - INFO - Loading filtered exercise data...
2024-02-06 19:37:52,285 - data_loading - INFO - Filtered exercise data loaded.
2024-02-06 19:38:12,910 - data_loading - INFO - Loading filtered exercise data...
2024-02-06 19:38:12,919 - data_loading - INFO - Filtered exercise data loaded.
2024-02-06 19:48:24,240 - data_loading - INFO - Loading filtered exercise data...
2024-02-06 19:48:24,252 - data_loading - INFO - Filtered exercise data loaded.
2024-02-06 19:51:44,200 - data_loading - INFO - Loading filtered exercise data...
2024-02-06 19:51:44,210 - data_loading - INFO - Filtered exercise data loaded.
2024-02-06 19:55:03,728 - data_loading - INFO - Loading filtered exercise data...
2024-02-06 19:55:03,733 - data_loading - INFO - Filtered exercise data loaded.
2024-02-06 19:55:15,176 - data_loading - INFO - Loading workout data...
2024-02-06 19:55:15,191 - data_loading - INFO - Workout data loaded.
2024-02-06 19:56:39,743 - data_loading - INFO - Loading workout data...
2024-02-06 19:56:39,757 - data_loading - INFO - Workout data loaded.
2024-02-06 19:56:41,107 - data_loading - INFO - Loading filtered exercise data...
2024-02-06 19:56:41,112 - data_loading - INFO - Filtered exercise data loaded.
2024-02-06 19:57:12,017 - data_loading - INFO - Loading workout data...
2024-02-06 19:57:12,031 - data_loading - INFO - Workout data loaded.
2024-02-06 19:57:14,315 - data_loading - INFO - Loading filtered exercise data...
2024-02-06 19:57:14,322 - data_loading - INFO - Filtered exercise data loaded.
2024-02-06 19:59:11,252 - data_loading - INFO - Loading filtered exercise data...
2024-02-06 19:59:11,263 - data_loading - INFO - Filtered exercise data loaded.
2024-02-06 19:59:31,298 - data_loading - INFO - Loading filtered exercise data...
2024-02-06 19:59:31,305 - data_loading - INFO - Filtered exercise data loaded.
2024-02-06 19:59:38,327 - data_loading - INFO - Loading filtered exercise data...
2024-02-06 19:59:38,337 - data_loading - INFO - Filtered exercise data loaded.
2024-02-06 19:59:50,522 - data_loading - INFO - Loading workout data...
2024-02-06 19:59:50,538 - data_loading - INFO - Workout data loaded.
2024-02-06 19:59:55,937 - data_loading - INFO - Loading filtered exercise data...
2024-02-06 19:59:55,944 - data_loading - INFO - Filtered exercise data loaded.
2024-02-06 20:04:45,343 - data_loading - INFO - Loading filtered exercise data...
2024-02-06 20:04:45,362 - data_loading - INFO - Filtered exercise data loaded.
2024-02-06 20:04:46,619 - data_loading - INFO - Loading filtered exercise data...
2024-02-06 20:04:46,629 - data_loading - INFO - Filtered exercise data loaded.
2024-02-06 20:04:47,616 - data_loading - INFO - Loading filtered exercise data...
2024-02-06 20:04:47,624 - data_loading - INFO - Filtered exercise data loaded.
2024-02-07 12:12:30,801 - data_loading - INFO - Loading workout data...
2024-02-07 12:12:30,809 - data_loading - INFO - Workout data loaded.
2024-02-07 12:12:32,512 - data_loading - INFO - Loading filtered exercise data...
2024-02-07 12:12:32,515 - data_loading - INFO - Filtered exercise data loaded.
2024-02-07 12:12:33,776 - data_loading - INFO - Loading workout data...
2024-02-07 12:12:33,781 - data_loading - INFO - Workout data loaded.
2024-02-07 12:12:39,644 - data_loading - INFO - Loading filtered exercise data...
2024-02-07 12:12:39,646 - data_loading - INFO - Filtered exercise data loaded.
2024-02-07 12:15:17,323 - data_loading - INFO - Loading workout data...
2024-02-07 12:15:17,332 - data_loading - INFO - Workout data loaded.
2024-02-07 12:15:41,958 - data_loading - INFO - Loading workout data...
2024-02-07 12:15:41,965 - data_loading - INFO - Workout data loaded.
2024-02-07 12:15:48,556 - data_loading - INFO - Loading filtered exercise data...
2024-02-07 12:15:48,558 - data_loading - INFO - Filtered exercise data loaded.
2024-02-07 12:15:50,032 - data_loading - INFO - Loading workout data...
2024-02-07 12:15:50,037 - data_loading - INFO - Workout data loaded.
2024-02-07 12:16:26,998 - data_loading - INFO - Loading workout data...
2024-02-07 12:16:27,006 - data_loading - INFO - Workout data loaded.
2024-02-07 12:16:31,440 - data_loading - INFO - Loading workout data...
2024-02-07 12:16:31,451 - data_loading - INFO - Workout data loaded.
2024-02-07 15:52:43,780 - data_loading - INFO - Loading filtered exercise data...
2024-02-07 15:52:43,783 - data_loading - INFO - Filtered exercise data loaded.
2024-02-07 15:52:43,785 - data_loading - INFO - Loading workout data...
2024-02-07 15:52:43,786 - data_loading - INFO - Workout data loaded.
2024-02-07 15:57:50,395 - data_loading - INFO - Loading filtered exercise data...
2024-02-07 15:57:50,397 - data_loading - INFO - Filtered exercise data loaded.
2024-02-07 15:57:50,399 - data_loading - INFO - Loading workout data...
2024-02-07 15:57:50,400 - data_loading - INFO - Workout data loaded.
2024-02-07 16:01:27,233 - data_loading - INFO - Loading filtered exercise data...
2024-02-07 16:01:27,235 - data_loading - INFO - Filtered exercise data loaded.
2024-02-07 16:01:27,236 - data_loading - INFO - Loading workout data...
2024-02-07 16:01:27,236 - data_loading - INFO - Workout data loaded.
2024-02-07 16:18:44,451 - data_loading - INFO - Loading workout data...
2024-02-07 16:18:44,459 - data_loading - INFO - Workout data loaded.
2024-02-07 16:18:46,168 - data_loading - INFO - Loading filtered exercise data...
2024-02-07 16:18:46,171 - data_loading - INFO - Filtered exercise data loaded.
2024-02-07 16:23:28,073 - data_loading - INFO - Loading filtered exercise data...
2024-02-07 16:23:28,077 - data_loading - INFO - Filtered exercise data loaded.
2024-02-07 16:23:28,078 - data_loading - INFO - Loading workout data...
2024-02-07 16:23:28,079 - data_loading - INFO - Workout data loaded.
2024-02-07 16:25:03,868 - data_loading - INFO - Loading filtered exercise data...
2024-02-07 16:25:03,878 - data_loading - INFO - Filtered exercise data loaded.
2024-02-07 16:25:03,880 - data_loading - INFO - Loading workout data...
2024-02-07 16:25:03,880 - data_loading - INFO - Workout data loaded.
2024-02-07 16:25:14,915 - data_loading - INFO - Loading workout data...
2024-02-07 16:25:14,921 - data_loading - INFO - Workout data loaded.
2024-02-07 16:25:17,194 - data_loading - INFO - Loading filtered exercise data...
2024-02-07 16:25:17,196 - data_loading - INFO - Filtered exercise data loaded.
2024-02-07 16:40:31,249 - data_loading - INFO - Loading workout data...
2024-02-07 16:40:31,259 - data_loading - INFO - Workout data loaded.
2024-02-07 16:40:36,524 - data_loading - INFO - Loading filtered exercise data...
2024-02-07 16:40:36,529 - data_loading - INFO - Filtered exercise data loaded.
2024-02-07 16:41:10,094 - data_loading - INFO - Loading filtered exercise data...
2024-02-07 16:41:10,097 - data_loading - INFO - Filtered exercise data loaded.
2024-02-07 16:41:34,603 - data_loading - INFO - Loading filtered exercise data...
2024-02-07 16:41:34,604 - data_loading - INFO - Filtered exercise data loaded.
2024-02-07 16:41:34,605 - data_loading - INFO - Loading workout data...
2024-02-07 16:41:34,606 - data_loading - INFO - Workout data loaded.
2024-02-07 16:41:58,491 - data_loading - INFO - Loading filtered exercise data...
2024-02-07 16:41:58,492 - data_loading - INFO - Filtered exercise data loaded.
2024-02-07 16:41:58,493 - data_loading - INFO - Loading workout data...
2024-02-07 16:41:58,493 - data_loading - INFO - Workout data loaded.
2024-02-07 16:43:26,231 - data_loading - INFO - Loading filtered exercise data...
2024-02-07 16:43:26,232 - data_loading - INFO - Filtered exercise data loaded.
2024-02-07 16:43:26,233 - data_loading - INFO - Loading workout data...
2024-02-07 16:43:26,234 - data_loading - INFO - Workout data loaded.
