2024-02-06 12:31:09,120 - data_collection - INFO - Collecting workout data...
2024-02-06 12:31:09,150 - data_collection - INFO - Workout data collected.
2024-02-06 12:31:09,150 - data_collection - INFO - Fetching exercise data...
2024-02-06 12:31:09,161 - data_collection - INFO - Exercise data fetched.
2024-02-06 12:31:09,161 - data_collection - INFO - Filtering exercise data...
2024-02-06 12:31:09,161 - data_collection - ERROR - An error occurred filtering exercise data: 'exercise'
2024-02-06 12:31:19,162 - data_collection - INFO - Collecting workout data...
2024-02-06 12:31:19,186 - data_collection - INFO - Workout data collected.
2024-02-06 12:31:19,186 - data_collection - INFO - Fetching exercise data...
2024-02-06 12:31:19,192 - data_collection - INFO - Exercise data fetched.
2024-02-06 12:31:19,192 - data_collection - INFO - Filtering exercise data...
2024-02-06 12:31:19,193 - data_collection - ERROR - An error occurred filtering exercise data: 'exercise'
2024-02-06 12:37:13,896 - data_collection - INFO - Collecting workout data...
2024-02-06 12:37:13,923 - data_collection - INFO - Workout data collected.
2024-02-06 12:37:13,923 - data_collection - INFO - Fetching exercise data...
2024-02-06 12:37:13,930 - data_collection - INFO - Exercise data fetched.
2024-02-06 12:37:13,931 - data_collection - INFO - Filtering exercise data...
2024-02-06 12:37:13,931 - data_collection - ERROR - An error occurred filtering exercise data: 'exercise'
2024-02-06 12:41:05,790 - data_collection - INFO - Collecting workout data...
2024-02-06 12:41:05,817 - data_collection - INFO - Workout data collected.
2024-02-06 12:41:05,817 - data_collection - INFO - Fetching exercise data...
2024-02-06 12:41:05,825 - data_collection - INFO - Exercise data fetched.
2024-02-06 12:41:05,825 - data_collection - INFO - Filtering exercise data...
2024-02-06 12:41:05,829 - data_collection - INFO - Exercise data filtered.
2024-02-06 23:34:28,649 - data_collection - INFO - Collecting workout data...
2024-02-06 23:34:28,676 - data_collection - INFO - Workout data collected.
2024-02-06 23:34:28,676 - data_collection - INFO - Fetching exercise data...
2024-02-06 23:34:28,683 - data_collection - INFO - Exercise data fetched.
2024-02-06 23:34:28,683 - data_collection - INFO - Filtering exercise data...
2024-02-06 23:34:28,685 - data_collection - INFO - Exercise data filtered.
2024-02-06 23:34:28,685 - data_collection - INFO - Enriching workout data...
2024-02-06 23:34:28,691 - data_collection - INFO - Workout data enriched.
2024-02-06 23:34:28,691 - data_collection - INFO - Aggregating workout data...
2024-02-06 23:34:28,750 - data_collection - ERROR - An error occurred aggregating workout data: "Column(s) ['SET'] do not exist"
2024-02-06 23:34:38,751 - data_collection - INFO - Collecting workout data...
2024-02-06 23:34:38,774 - data_collection - INFO - Workout data collected.
2024-02-06 23:34:38,774 - data_collection - INFO - Fetching exercise data...
2024-02-06 23:34:38,781 - data_collection - INFO - Exercise data fetched.
2024-02-06 23:34:38,781 - data_collection - INFO - Filtering exercise data...
2024-02-06 23:34:38,783 - data_collection - INFO - Exercise data filtered.
2024-02-06 23:34:38,783 - data_collection - INFO - Enriching workout data...
2024-02-06 23:34:38,788 - data_collection - INFO - Workout data enriched.
2024-02-06 23:34:38,788 - data_collection - INFO - Aggregating workout data...
2024-02-06 23:34:38,847 - data_collection - ERROR - An error occurred aggregating workout data: "Column(s) ['SET'] do not exist"
2024-02-06 23:37:08,587 - data_collection - INFO - Collecting workout data...
2024-02-06 23:37:08,611 - data_collection - INFO - Workout data collected.
2024-02-06 23:37:08,611 - data_collection - INFO - Fetching exercise data...
2024-02-06 23:37:08,618 - data_collection - INFO - Exercise data fetched.
2024-02-06 23:37:08,618 - data_collection - INFO - Filtering exercise data...
2024-02-06 23:37:08,620 - data_collection - INFO - Exercise data filtered.
2024-02-06 23:37:08,620 - data_collection - INFO - Enriching workout data...
2024-02-06 23:37:08,625 - data_collection - INFO - Workout data enriched.
2024-02-06 23:37:08,625 - data_collection - INFO - Aggregating workout data...
2024-02-06 23:37:08,695 - data_collection - INFO - Workout data aggregated.
2024-02-06 23:37:45,946 - data_collection - INFO - Collecting workout data...
2024-02-06 23:37:45,971 - data_collection - INFO - Workout data collected.
2024-02-06 23:37:45,971 - data_collection - INFO - Fetching exercise data...
2024-02-06 23:37:45,978 - data_collection - INFO - Exercise data fetched.
2024-02-06 23:37:45,978 - data_collection - INFO - Filtering exercise data...
2024-02-06 23:37:45,979 - data_collection - INFO - Exercise data filtered.
2024-02-06 23:37:45,979 - data_collection - INFO - Enriching workout data...
2024-02-06 23:37:45,984 - data_collection - INFO - Workout data enriched.
2024-02-06 23:37:45,984 - data_collection - INFO - Aggregating workout data...
2024-02-06 23:37:46,047 - data_collection - INFO - Workout data aggregated.
