2024-02-08 00:31:56,682 - models_training - INFO - Training models...
2024-02-08 00:31:56,682 - models_training - INFO - Loading and preprocessing data...
2024-02-08 00:31:56,686 - models_training - INFO - Data loaded and preprocessed.
2024-02-08 00:31:56,686 - models_training - INFO - Training model for exercise Dumbbell lateral raise...
2024-02-08 00:32:01,174 - models_training - INFO - Model for exercise Dumbbell lateral raise trained.
2024-02-08 00:32:01,175 - models_training - INFO - Plotting loss...
2024-02-08 00:32:01,624 - models_training - INFO - Loss plotted.
2024-02-08 00:32:01,624 - models_training - INFO - Model Dumbbell lateral raise: best epoch = 6, best loss = 0.05079825222492218, best val_loss = 0.028061360120773315
2024-02-08 00:32:01,625 - models_training - INFO - Training model for exercise Behind-the-head skullcrusher...
2024-02-08 00:32:06,288 - models_training - INFO - Model for exercise Behind-the-head skullcrusher trained.
2024-02-08 00:32:06,288 - models_training - INFO - Plotting loss...
2024-02-08 00:32:06,356 - models_training - INFO - Loss plotted.
2024-02-08 00:32:06,357 - models_training - INFO - Model Behind-the-head skullcrusher: best epoch = 6, best loss = 0.031443994492292404, best val_loss = 0.032233260571956635
2024-02-08 00:32:06,357 - models_training - INFO - Training model for exercise Incline dumbbell biceps curl...
2024-02-08 00:32:11,259 - models_training - INFO - Model for exercise Incline dumbbell biceps curl trained.
2024-02-08 00:32:11,259 - models_training - INFO - Plotting loss...
2024-02-08 00:32:11,326 - models_training - INFO - Loss plotted.
2024-02-08 00:32:11,327 - models_training - INFO - Model Incline dumbbell biceps curl: best epoch = 5, best loss = 0.07320807874202728, best val_loss = 0.022761622443795204
2024-02-08 00:32:11,327 - models_training - INFO - Training model for exercise Pull-up...
2024-02-08 00:32:16,297 - models_training - INFO - Model for exercise Pull-up trained.
2024-02-08 00:32:16,297 - models_training - INFO - Plotting loss...
2024-02-08 00:32:16,357 - models_training - INFO - Loss plotted.
2024-02-08 00:32:16,357 - models_training - INFO - Model Pull-up: best epoch = 20, best loss = 0.018094517290592194, best val_loss = 0.0006742375553585589
2024-02-08 00:32:16,357 - models_training - INFO - Training model for exercise Hammer Curls...
2024-02-08 00:32:20,404 - models_training - INFO - Model for exercise Hammer Curls trained.
2024-02-08 00:32:20,404 - models_training - INFO - Plotting loss...
2024-02-08 00:32:20,464 - models_training - INFO - Loss plotted.
2024-02-08 00:32:20,464 - models_training - INFO - Model Hammer Curls: best epoch = 9, best loss = 0.05788533017039299, best val_loss = 0.01673801615834236
2024-02-08 00:32:20,464 - models_training - INFO - Training model for exercise Seated dumbbell shoulder press...
2024-02-08 00:32:24,757 - models_training - INFO - Model for exercise Seated dumbbell shoulder press trained.
2024-02-08 00:32:24,757 - models_training - INFO - Plotting loss...
2024-02-08 00:32:24,809 - models_training - INFO - Loss plotted.
2024-02-08 00:32:24,809 - models_training - INFO - Model Seated dumbbell shoulder press: best epoch = 5, best loss = 0.08778290450572968, best val_loss = 0.03743520751595497
2024-02-08 00:32:24,809 - models_training - INFO - Training model for exercise Barbell Squat...
2024-02-08 00:32:29,583 - models_training - INFO - Model for exercise Barbell Squat trained.
2024-02-08 00:32:29,583 - models_training - INFO - Plotting loss...
2024-02-08 00:32:29,641 - models_training - INFO - Loss plotted.
2024-02-08 00:32:29,641 - models_training - INFO - Model Barbell Squat: best epoch = 14, best loss = 0.08386438339948654, best val_loss = 0.017474569380283356
2024-02-08 00:32:29,641 - models_training - INFO - Training model for exercise Leg Press...
2024-02-08 00:32:34,455 - models_training - INFO - Model for exercise Leg Press trained.
2024-02-08 00:32:34,455 - models_training - INFO - Plotting loss...
2024-02-08 00:32:34,510 - models_training - INFO - Loss plotted.
2024-02-08 00:32:34,510 - models_training - INFO - Model Leg Press: best epoch = 18, best loss = 0.06265050917863846, best val_loss = 0.011344365775585175
2024-02-08 00:32:34,510 - models_training - INFO - Training model for exercise Triceps Pushdown...
2024-02-08 00:32:38,954 - models_training - INFO - Model for exercise Triceps Pushdown trained.
2024-02-08 00:32:38,954 - models_training - INFO - Plotting loss...
2024-02-08 00:32:39,008 - models_training - INFO - Loss plotted.
2024-02-08 00:32:39,009 - models_training - INFO - Model Triceps Pushdown: best epoch = 9, best loss = 0.19368909299373627, best val_loss = 0.009656984359025955
2024-02-08 00:32:39,009 - models_training - INFO - Training model for exercise Leg Extensions...
2024-02-08 00:32:43,818 - models_training - INFO - Model for exercise Leg Extensions trained.
2024-02-08 00:32:43,818 - models_training - INFO - Plotting loss...
2024-02-08 00:32:43,872 - models_training - INFO - Loss plotted.
2024-02-08 00:32:43,872 - models_training - INFO - Model Leg Extensions: best epoch = 9, best loss = 0.07075212895870209, best val_loss = 0.007990877144038677
2024-02-08 00:32:43,872 - models_training - INFO - Training model for exercise Smith machine standing calf raise...
2024-02-08 00:32:48,398 - models_training - INFO - Model for exercise Smith machine standing calf raise trained.
2024-02-08 00:32:48,399 - models_training - INFO - Plotting loss...
2024-02-08 00:32:48,449 - models_training - INFO - Loss plotted.
2024-02-08 00:32:48,449 - models_training - INFO - Model Smith machine standing calf raise: best epoch = 16, best loss = 0.047124575823545456, best val_loss = 0.0049223946407437325
2024-02-08 00:32:48,449 - models_training - INFO - Training model for exercise Lat pull-down...
2024-02-08 00:32:53,435 - models_training - INFO - Model for exercise Lat pull-down trained.
2024-02-08 00:32:53,435 - models_training - INFO - Plotting loss...
2024-02-08 00:32:53,489 - models_training - INFO - Loss plotted.
2024-02-08 00:32:53,489 - models_training - INFO - Model Lat pull-down: best epoch = 10, best loss = 0.09030390530824661, best val_loss = 0.018717244267463684
2024-02-08 00:32:53,489 - models_training - INFO - Training model for exercise Dumbbell Bench Press...
2024-02-08 00:32:57,924 - models_training - INFO - Model for exercise Dumbbell Bench Press trained.
2024-02-08 00:32:57,924 - models_training - INFO - Plotting loss...
2024-02-08 00:32:57,976 - models_training - INFO - Loss plotted.
2024-02-08 00:32:57,976 - models_training - INFO - Model Dumbbell Bench Press: best epoch = 15, best loss = 0.04157940670847893, best val_loss = 0.06466411054134369
2024-02-08 00:32:57,976 - models_training - INFO - Training model for exercise Incline dumbbell bench press...
2024-02-08 00:33:03,033 - models_training - INFO - Model for exercise Incline dumbbell bench press trained.
2024-02-08 00:33:03,033 - models_training - INFO - Plotting loss...
2024-02-08 00:33:03,087 - models_training - INFO - Loss plotted.
2024-02-08 00:33:03,087 - models_training - INFO - Model Incline dumbbell bench press: best epoch = 8, best loss = 0.07039128243923187, best val_loss = 0.012880519032478333
2024-02-08 00:33:03,087 - models_training - INFO - Training model for exercise Bench press...
2024-02-08 00:33:07,555 - models_training - INFO - Model for exercise Bench press trained.
2024-02-08 00:33:07,555 - models_training - INFO - Plotting loss...
2024-02-08 00:33:07,608 - models_training - INFO - Loss plotted.
2024-02-08 00:33:07,608 - models_training - INFO - Model Bench press: best epoch = 11, best loss = 0.043937090784311295, best val_loss = 0.014893139712512493
2024-02-08 00:33:07,608 - models_training - INFO - Training model for exercise Seated Cable Rows...
2024-02-08 00:33:12,259 - models_training - INFO - Model for exercise Seated Cable Rows trained.
2024-02-08 00:33:12,260 - models_training - INFO - Plotting loss...
2024-02-08 00:33:12,314 - models_training - INFO - Loss plotted.
2024-02-08 00:33:12,314 - models_training - INFO - Model Seated Cable Rows: best epoch = 7, best loss = 0.008910618722438812, best val_loss = 0.1382422298192978
2024-02-08 00:33:12,314 - models_training - INFO - Training model for exercise Standing crossed-cable rear delt fly...
2024-02-08 00:33:17,228 - models_training - INFO - Model for exercise Standing crossed-cable rear delt fly trained.
2024-02-08 00:33:17,228 - models_training - INFO - Plotting loss...
2024-02-08 00:33:17,282 - models_training - INFO - Loss plotted.
2024-02-08 00:33:17,282 - models_training - INFO - Model Standing crossed-cable rear delt fly: best epoch = 16, best loss = 0.05472680926322937, best val_loss = 0.0032651026267558336
2024-02-08 00:33:17,282 - models_training - INFO - Training model for exercise Straight-arm cable pull-over...
2024-02-08 00:33:21,343 - models_training - INFO - Model for exercise Straight-arm cable pull-over trained.
2024-02-08 00:33:21,344 - models_training - INFO - Plotting loss...
2024-02-08 00:33:21,402 - models_training - INFO - Loss plotted.
2024-02-08 00:33:21,403 - models_training - INFO - Model Straight-arm cable pull-over: best epoch = 14, best loss = 0.06539614498615265, best val_loss = 0.015465850941836834
2024-02-08 00:33:21,403 - models_training - INFO - Training model for exercise Bent Over Barbell Row...
2024-02-08 00:33:25,482 - models_training - INFO - Model for exercise Bent Over Barbell Row trained.
2024-02-08 00:33:25,482 - models_training - INFO - Plotting loss...
2024-02-08 00:33:25,534 - models_training - INFO - Loss plotted.
2024-02-08 00:33:25,534 - models_training - INFO - Model Bent Over Barbell Row: best epoch = 19, best loss = 0.059576988220214844, best val_loss = 0.00898792129009962
2024-02-08 00:33:25,534 - models_training - INFO - Training model for exercise Low-cable cross-over...
2024-02-08 00:33:30,687 - models_training - INFO - Model for exercise Low-cable cross-over trained.
2024-02-08 00:33:30,687 - models_training - INFO - Plotting loss...
2024-02-08 00:33:30,740 - models_training - INFO - Loss plotted.
2024-02-08 00:33:30,740 - models_training - INFO - Model Low-cable cross-over: best epoch = 12, best loss = 0.07915938645601273, best val_loss = 0.08277725428342819
2024-02-08 00:33:30,740 - models_training - INFO - Models trained.
2024-02-08 00:33:30,740 - models_training - INFO - Archiving models...
2024-02-08 00:33:30,760 - models_training - INFO - Models archived to : /Users/gabriel-macbook/Library/CloudStorage/OneDrive-Efrei/Efrei/M2/Machine Learning in Production/mlops-workout/models/versions/models_2024-02-08.tar.gz
2024-02-08 00:48:19,217 - models_training - INFO - Training models...
2024-02-08 00:48:19,217 - models_training - INFO - Loading and preprocessing data...
2024-02-08 00:48:19,221 - models_training - INFO - Data loaded and preprocessed.
2024-02-08 00:48:19,221 - models_training - INFO - Training model for exercise 'Dumbbell lateral raise'...
2024-02-08 00:48:23,415 - models_training - INFO - Model for exercise 'Dumbbell lateral raise' trained.
2024-02-08 00:48:23,415 - models_training - INFO - Plotting loss...
2024-02-08 00:48:23,595 - models_training - ERROR - Error occurred while plotting loss: [Errno 2] No such file or directory: '/Users/gabriel-macbook/Library/CloudStorage/OneDrive-Efrei/Efrei/M2/Machine Learning in Production/mlops-workout/models/loss/Dumbbell lateral raise.png'
2024-02-08 00:48:33,686 - models_training - INFO - Training models...
2024-02-08 00:48:33,686 - models_training - INFO - Loading and preprocessing data...
2024-02-08 00:48:33,690 - models_training - INFO - Data loaded and preprocessed.
2024-02-08 00:48:33,690 - models_training - INFO - Training model for exercise 'Dumbbell lateral raise'...
2024-02-08 00:48:37,961 - models_training - INFO - Model for exercise 'Dumbbell lateral raise' trained.
2024-02-08 00:48:37,961 - models_training - INFO - Plotting loss...
2024-02-08 00:48:37,972 - models_training - ERROR - Error occurred while plotting loss: [Errno 2] No such file or directory: '/Users/gabriel-macbook/Library/CloudStorage/OneDrive-Efrei/Efrei/M2/Machine Learning in Production/mlops-workout/models/loss/Dumbbell lateral raise.png'
2024-02-08 00:48:48,065 - models_training - INFO - Training models...
2024-02-08 00:48:48,065 - models_training - INFO - Loading and preprocessing data...
2024-02-08 00:48:48,069 - models_training - INFO - Data loaded and preprocessed.
2024-02-08 00:48:48,069 - models_training - INFO - Training model for exercise 'Dumbbell lateral raise'...
2024-02-08 00:48:52,448 - models_training - INFO - Model for exercise 'Dumbbell lateral raise' trained.
2024-02-08 00:48:52,448 - models_training - INFO - Plotting loss...
2024-02-08 00:48:52,461 - models_training - ERROR - Error occurred while plotting loss: [Errno 2] No such file or directory: '/Users/gabriel-macbook/Library/CloudStorage/OneDrive-Efrei/Efrei/M2/Machine Learning in Production/mlops-workout/models/loss/Dumbbell lateral raise.png'
2024-02-08 00:49:02,551 - models_training - INFO - Training models...
2024-02-08 00:49:02,551 - models_training - INFO - Loading and preprocessing data...
2024-02-08 00:49:02,554 - models_training - INFO - Data loaded and preprocessed.
2024-02-08 00:49:02,554 - models_training - INFO - Training model for exercise 'Dumbbell lateral raise'...
2024-02-08 00:49:06,942 - models_training - INFO - Model for exercise 'Dumbbell lateral raise' trained.
2024-02-08 00:49:06,942 - models_training - INFO - Plotting loss...
2024-02-08 00:49:06,991 - models_training - INFO - Loss plotted.
2024-02-08 00:49:06,991 - models_training - INFO - Best Model 'Dumbbell lateral raise': epoch = 6, loss = 0.050488125532865524, val_loss = 0.027976473793387413
2024-02-08 00:49:06,991 - models_training - INFO - Training model for exercise 'Behind-the-head skullcrusher'...
2024-02-08 00:49:11,821 - models_training - INFO - Model for exercise 'Behind-the-head skullcrusher' trained.
2024-02-08 00:49:11,821 - models_training - INFO - Plotting loss...
2024-02-08 00:49:11,875 - models_training - INFO - Loss plotted.
2024-02-08 00:49:11,875 - models_training - INFO - Best Model 'Behind-the-head skullcrusher': epoch = 11, loss = 0.02368706464767456, val_loss = 0.03222073242068291
2024-02-08 00:49:11,875 - models_training - INFO - Training model for exercise 'Incline dumbbell biceps curl'...
2024-02-08 00:49:16,459 - models_training - INFO - Model for exercise 'Incline dumbbell biceps curl' trained.
2024-02-08 00:49:16,459 - models_training - INFO - Plotting loss...
2024-02-08 00:49:16,515 - models_training - INFO - Loss plotted.
2024-02-08 00:49:16,515 - models_training - INFO - Best Model 'Incline dumbbell biceps curl': epoch = 5, loss = 0.06966730952262878, val_loss = 0.024219630286097527
2024-02-08 00:49:16,515 - models_training - INFO - Training model for exercise 'Pull-up'...
2024-02-08 00:49:21,522 - models_training - INFO - Model for exercise 'Pull-up' trained.
2024-02-08 00:49:21,522 - models_training - INFO - Plotting loss...
2024-02-08 00:49:21,584 - models_training - INFO - Loss plotted.
2024-02-08 00:49:21,584 - models_training - INFO - Best Model 'Pull-up': epoch = 20, loss = 0.019199296832084656, val_loss = 0.005812081042677164
2024-02-08 00:49:21,584 - models_training - INFO - Training model for exercise 'Hammer Curls'...
2024-02-08 00:49:26,031 - models_training - INFO - Model for exercise 'Hammer Curls' trained.
2024-02-08 00:49:26,031 - models_training - INFO - Plotting loss...
2024-02-08 00:49:26,099 - models_training - INFO - Loss plotted.
2024-02-08 00:49:26,099 - models_training - INFO - Best Model 'Hammer Curls': epoch = 9, loss = 0.05686091259121895, val_loss = 0.016757087782025337
2024-02-08 00:49:26,099 - models_training - INFO - Training model for exercise 'Seated dumbbell shoulder press'...
2024-02-08 00:49:30,131 - models_training - INFO - Model for exercise 'Seated dumbbell shoulder press' trained.
2024-02-08 00:49:30,131 - models_training - INFO - Plotting loss...
2024-02-08 00:49:30,204 - models_training - INFO - Loss plotted.
2024-02-08 00:49:30,204 - models_training - INFO - Best Model 'Seated dumbbell shoulder press': epoch = 5, loss = 0.08502562344074249, val_loss = 0.04156007617712021
2024-02-08 00:49:30,204 - models_training - INFO - Training model for exercise 'Barbell Squat'...
2024-02-08 00:49:35,238 - models_training - INFO - Model for exercise 'Barbell Squat' trained.
2024-02-08 00:49:35,238 - models_training - INFO - Plotting loss...
2024-02-08 00:49:35,314 - models_training - INFO - Loss plotted.
2024-02-08 00:49:35,314 - models_training - INFO - Best Model 'Barbell Squat': epoch = 15, loss = 0.08287063241004944, val_loss = 0.016396615654230118
2024-02-08 00:49:35,314 - models_training - INFO - Training model for exercise 'Leg Press'...
2024-02-08 00:49:39,776 - models_training - INFO - Model for exercise 'Leg Press' trained.
2024-02-08 00:49:39,776 - models_training - INFO - Plotting loss...
2024-02-08 00:49:39,857 - models_training - INFO - Loss plotted.
2024-02-08 00:49:39,857 - models_training - INFO - Best Model 'Leg Press': epoch = 17, loss = 0.06402317434549332, val_loss = 0.011370732448995113
2024-02-08 00:49:39,857 - models_training - INFO - Training model for exercise 'Triceps Pushdown'...
2024-02-08 00:49:44,809 - models_training - INFO - Model for exercise 'Triceps Pushdown' trained.
2024-02-08 00:49:44,809 - models_training - INFO - Plotting loss...
2024-02-08 00:49:44,895 - models_training - INFO - Loss plotted.
2024-02-08 00:49:44,895 - models_training - INFO - Best Model 'Triceps Pushdown': epoch = 9, loss = 0.1611342579126358, val_loss = 0.009485860355198383
2024-02-08 00:49:44,895 - models_training - INFO - Training model for exercise 'Leg Extensions'...
2024-02-08 00:49:49,323 - models_training - INFO - Model for exercise 'Leg Extensions' trained.
2024-02-08 00:49:49,323 - models_training - INFO - Plotting loss...
2024-02-08 00:49:49,411 - models_training - INFO - Loss plotted.
2024-02-08 00:49:49,411 - models_training - INFO - Best Model 'Leg Extensions': epoch = 7, loss = 0.039793677628040314, val_loss = 0.006736252456903458
2024-02-08 00:49:49,411 - models_training - INFO - Training model for exercise 'Smith machine standing calf raise'...
2024-02-08 00:49:54,393 - models_training - INFO - Model for exercise 'Smith machine standing calf raise' trained.
2024-02-08 00:49:54,393 - models_training - INFO - Plotting loss...
2024-02-08 00:49:54,486 - models_training - INFO - Loss plotted.
2024-02-08 00:49:54,486 - models_training - INFO - Best Model 'Smith machine standing calf raise': epoch = 8, loss = 0.04985108971595764, val_loss = 0.005273995455354452
2024-02-08 00:49:54,486 - models_training - INFO - Training model for exercise 'Lat pull-down'...
2024-02-08 00:49:58,888 - models_training - INFO - Model for exercise 'Lat pull-down' trained.
2024-02-08 00:49:58,888 - models_training - INFO - Plotting loss...
2024-02-08 00:49:58,983 - models_training - INFO - Loss plotted.
2024-02-08 00:49:58,983 - models_training - INFO - Best Model 'Lat pull-down': epoch = 8, loss = 0.048648491501808167, val_loss = 0.019189288839697838
2024-02-08 00:49:58,983 - models_training - INFO - Training model for exercise 'Dumbbell Bench Press'...
2024-02-08 00:57:00,097 - models_training - INFO - Training models...
2024-02-08 00:57:00,097 - models_training - INFO - Loading and preprocessing data...
2024-02-08 00:57:00,101 - models_training - INFO - Data loaded and preprocessed.
2024-02-08 00:57:00,101 - models_training - INFO - Training model for exercise 'Dumbbell lateral raise'...
2024-02-08 00:57:04,640 - models_training - INFO - Model for exercise 'Dumbbell lateral raise' trained.
2024-02-08 00:57:04,640 - models_training - INFO - Plotting loss...
2024-02-08 00:57:04,758 - models_training - INFO - Loss plotted.
2024-02-08 00:57:04,758 - models_training - INFO - Best Model 'Dumbbell lateral raise': epoch = 6, loss = 0.04639798775315285, val_loss = 0.02799592912197113
2024-02-08 00:57:04,758 - models_training - INFO - Training model for exercise 'Behind-the-head skullcrusher'...
2024-02-08 00:57:09,587 - models_training - INFO - Model for exercise 'Behind-the-head skullcrusher' trained.
2024-02-08 00:57:09,587 - models_training - INFO - Plotting loss...
2024-02-08 00:57:09,628 - models_training - INFO - Loss plotted.
2024-02-08 00:57:09,628 - models_training - INFO - Best Model 'Behind-the-head skullcrusher': epoch = 9, loss = 0.02363438531756401, val_loss = 0.032181691378355026
2024-02-08 00:57:09,628 - models_training - INFO - Training model for exercise 'Incline dumbbell biceps curl'...
2024-02-08 00:57:14,662 - models_training - INFO - Model for exercise 'Incline dumbbell biceps curl' trained.
2024-02-08 00:57:14,663 - models_training - INFO - Plotting loss...
2024-02-08 00:57:14,707 - models_training - INFO - Loss plotted.
2024-02-08 00:57:14,707 - models_training - INFO - Best Model 'Incline dumbbell biceps curl': epoch = 5, loss = 0.07315079122781754, val_loss = 0.02322462759912014
2024-02-08 00:57:14,707 - models_training - INFO - Training model for exercise 'Pull-up'...
2024-02-08 00:57:19,770 - models_training - INFO - Model for exercise 'Pull-up' trained.
2024-02-08 00:57:19,770 - models_training - INFO - Plotting loss...
2024-02-08 00:57:19,818 - models_training - INFO - Loss plotted.
2024-02-08 00:57:19,818 - models_training - INFO - Best Model 'Pull-up': epoch = 20, loss = 0.01883689872920513, val_loss = 0.0004925776738673449
2024-02-08 00:57:19,818 - models_training - INFO - Training model for exercise 'Hammer Curls'...
2024-02-08 00:57:24,103 - models_training - INFO - Model for exercise 'Hammer Curls' trained.
2024-02-08 00:57:24,104 - models_training - INFO - Plotting loss...
2024-02-08 00:57:24,154 - models_training - INFO - Loss plotted.
2024-02-08 00:57:24,154 - models_training - INFO - Best Model 'Hammer Curls': epoch = 10, loss = 0.0570664182305336, val_loss = 0.016780847683548927
2024-02-08 00:57:24,154 - models_training - INFO - Training model for exercise 'Seated dumbbell shoulder press'...
2024-02-08 00:57:28,721 - models_training - INFO - Model for exercise 'Seated dumbbell shoulder press' trained.
2024-02-08 00:57:28,721 - models_training - INFO - Plotting loss...
2024-02-08 00:57:28,776 - models_training - INFO - Loss plotted.
2024-02-08 00:57:28,777 - models_training - INFO - Best Model 'Seated dumbbell shoulder press': epoch = 5, loss = 0.0820777490735054, val_loss = 0.03873319923877716
2024-02-08 00:57:28,777 - models_training - INFO - Training model for exercise 'Barbell Squat'...
2024-02-08 00:57:33,768 - models_training - INFO - Model for exercise 'Barbell Squat' trained.
2024-02-08 00:57:33,768 - models_training - INFO - Plotting loss...
2024-02-08 00:57:33,834 - models_training - INFO - Loss plotted.
2024-02-08 00:57:33,834 - models_training - INFO - Best Model 'Barbell Squat': epoch = 8, loss = 0.08112921565771103, val_loss = 0.01605916954576969
2024-02-08 00:57:33,834 - models_training - INFO - Training model for exercise 'Leg Press'...
2024-02-08 00:57:38,937 - models_training - INFO - Model for exercise 'Leg Press' trained.
2024-02-08 00:57:38,937 - models_training - INFO - Plotting loss...
2024-02-08 00:57:39,008 - models_training - INFO - Loss plotted.
2024-02-08 00:57:39,008 - models_training - INFO - Best Model 'Leg Press': epoch = 17, loss = 0.058404356241226196, val_loss = 0.011202170513570309
2024-02-08 00:57:39,008 - models_training - INFO - Training model for exercise 'Triceps Pushdown'...
2024-02-08 00:57:43,626 - models_training - INFO - Model for exercise 'Triceps Pushdown' trained.
2024-02-08 00:57:43,626 - models_training - INFO - Plotting loss...
2024-02-08 00:57:43,699 - models_training - INFO - Loss plotted.
2024-02-08 00:57:43,699 - models_training - INFO - Best Model 'Triceps Pushdown': epoch = 7, loss = 0.16672271490097046, val_loss = 0.009708954021334648
2024-02-08 00:57:43,699 - models_training - INFO - Training model for exercise 'Leg Extensions'...
2024-02-08 00:57:48,732 - models_training - INFO - Model for exercise 'Leg Extensions' trained.
2024-02-08 00:57:48,732 - models_training - INFO - Plotting loss...
2024-02-08 00:57:48,812 - models_training - INFO - Loss plotted.
2024-02-08 00:57:48,812 - models_training - INFO - Best Model 'Leg Extensions': epoch = 9, loss = 0.07950720191001892, val_loss = 0.006391466595232487
2024-02-08 00:57:48,812 - models_training - INFO - Training model for exercise 'Smith machine standing calf raise'...
2024-02-08 00:57:53,489 - models_training - INFO - Model for exercise 'Smith machine standing calf raise' trained.
2024-02-08 00:57:53,490 - models_training - INFO - Plotting loss...
2024-02-08 00:57:53,572 - models_training - INFO - Loss plotted.
2024-02-08 00:57:53,572 - models_training - INFO - Best Model 'Smith machine standing calf raise': epoch = 11, loss = 0.08765774965286255, val_loss = 0.004645743407309055
2024-02-08 00:57:53,572 - models_training - INFO - Training model for exercise 'Lat pull-down'...
2024-02-08 00:57:58,666 - models_training - INFO - Model for exercise 'Lat pull-down' trained.
2024-02-08 00:57:58,666 - models_training - INFO - Plotting loss...
2024-02-08 00:57:58,752 - models_training - INFO - Loss plotted.
2024-02-08 00:57:58,752 - models_training - INFO - Best Model 'Lat pull-down': epoch = 8, loss = 0.03995082154870033, val_loss = 0.019193636253476143
2024-02-08 00:57:58,752 - models_training - INFO - Training model for exercise 'Dumbbell Bench Press'...
2024-02-08 00:58:03,390 - models_training - INFO - Model for exercise 'Dumbbell Bench Press' trained.
2024-02-08 00:58:03,390 - models_training - INFO - Plotting loss...
2024-02-08 00:58:03,479 - models_training - INFO - Loss plotted.
2024-02-08 00:58:03,479 - models_training - INFO - Best Model 'Dumbbell Bench Press': epoch = 11, loss = 0.041078388690948486, val_loss = 0.06521816551685333
2024-02-08 00:58:03,479 - models_training - INFO - Training model for exercise 'Incline dumbbell bench press'...
2024-02-08 00:58:08,820 - models_training - INFO - Model for exercise 'Incline dumbbell bench press' trained.
2024-02-08 00:58:08,820 - models_training - INFO - Plotting loss...
2024-02-08 00:58:08,914 - models_training - INFO - Loss plotted.
2024-02-08 00:58:08,914 - models_training - INFO - Best Model 'Incline dumbbell bench press': epoch = 8, loss = 0.04526889696717262, val_loss = 0.014371666125953197
2024-02-08 00:58:08,914 - models_training - INFO - Training model for exercise 'Bench press'...
2024-02-08 00:58:13,620 - models_training - INFO - Model for exercise 'Bench press' trained.
2024-02-08 00:58:13,620 - models_training - INFO - Plotting loss...
2024-02-08 00:58:13,717 - models_training - INFO - Loss plotted.
2024-02-08 00:58:13,717 - models_training - INFO - Best Model 'Bench press': epoch = 14, loss = 0.05005980655550957, val_loss = 0.015023797750473022
2024-02-08 00:58:13,717 - models_training - INFO - Training model for exercise 'Seated Cable Rows'...
2024-02-08 00:58:18,249 - models_training - INFO - Model for exercise 'Seated Cable Rows' trained.
2024-02-08 00:58:18,249 - models_training - INFO - Plotting loss...
2024-02-08 00:58:18,353 - models_training - INFO - Loss plotted.
2024-02-08 00:58:18,353 - models_training - INFO - Best Model 'Seated Cable Rows': epoch = 7, loss = 0.009884404949843884, val_loss = 0.13612230122089386
2024-02-08 00:58:18,353 - models_training - INFO - Training model for exercise 'Standing crossed-cable rear delt fly'...
2024-02-08 00:58:23,167 - models_training - INFO - Model for exercise 'Standing crossed-cable rear delt fly' trained.
2024-02-08 00:58:23,167 - models_training - INFO - Plotting loss...
2024-02-08 00:58:23,270 - models_training - INFO - Loss plotted.
2024-02-08 00:58:23,270 - models_training - INFO - Best Model 'Standing crossed-cable rear delt fly': epoch = 16, loss = 0.049822188913822174, val_loss = 0.0029722892213612795
2024-02-08 00:58:23,270 - models_training - INFO - Training model for exercise 'Straight-arm cable pull-over'...
2024-02-08 00:58:27,833 - models_training - INFO - Model for exercise 'Straight-arm cable pull-over' trained.
2024-02-08 00:58:27,833 - models_training - INFO - Plotting loss...
2024-02-08 00:58:27,940 - models_training - INFO - Loss plotted.
2024-02-08 00:58:27,940 - models_training - INFO - Best Model 'Straight-arm cable pull-over': epoch = 14, loss = 0.07654280960559845, val_loss = 0.015247352421283722
2024-02-08 00:58:27,940 - models_training - INFO - Training model for exercise 'Bent Over Barbell Row'...
2024-02-08 00:58:32,247 - models_training - INFO - Model for exercise 'Bent Over Barbell Row' trained.
2024-02-08 00:58:32,247 - models_training - INFO - Plotting loss...
2024-02-08 00:58:32,365 - models_training - INFO - Loss plotted.
2024-02-08 00:58:32,365 - models_training - INFO - Best Model 'Bent Over Barbell Row': epoch = 10, loss = 0.07046888023614883, val_loss = 0.008562862873077393
2024-02-08 00:58:32,365 - models_training - INFO - Training model for exercise 'Low-cable cross-over'...
2024-02-08 00:58:38,139 - models_training - INFO - Model for exercise 'Low-cable cross-over' trained.
2024-02-08 00:58:38,139 - models_training - INFO - Plotting loss...
2024-02-08 00:58:38,257 - models_training - INFO - Loss plotted.
2024-02-08 00:58:38,257 - models_training - INFO - Best Model 'Low-cable cross-over': epoch = 12, loss = 0.06947506964206696, val_loss = 0.08159507066011429
2024-02-08 00:58:38,257 - models_training - INFO - Models trained.
2024-02-08 00:58:38,257 - models_training - INFO - Archiving models...
2024-02-08 00:58:38,270 - models_training - INFO - Models archived to : /Users/gabriel-macbook/Library/CloudStorage/OneDrive-Efrei/Efrei/M2/Machine Learning in Production/mlops-workout/models/versions/models_2024-02-08.tar.gz
2024-02-08 01:02:00,100 - models_training - INFO - Training models...
2024-02-08 01:02:00,100 - models_training - INFO - Loading and preprocessing data...
2024-02-08 01:02:00,104 - models_training - INFO - Data loaded and preprocessed.
2024-02-08 01:02:00,104 - models_training - INFO - Training model for exercise 'Dumbbell lateral raise'...
2024-02-08 01:02:04,409 - models_training - INFO - Model for exercise 'Dumbbell lateral raise' trained.
2024-02-08 01:02:04,409 - models_training - INFO - Plotting loss...
2024-02-08 01:02:04,500 - models_training - INFO - Loss plotted.
2024-02-08 01:02:04,500 - models_training - INFO - Best Model 'Dumbbell lateral raise': epoch = 12, loss = 0.032846610993146896, val_loss = 0.027966883033514023
2024-02-08 01:02:04,500 - models_training - INFO - Training model for exercise 'Behind-the-head skullcrusher'...
2024-02-08 01:02:09,201 - models_training - INFO - Model for exercise 'Behind-the-head skullcrusher' trained.
2024-02-08 01:02:09,201 - models_training - INFO - Plotting loss...
2024-02-08 01:02:09,248 - models_training - INFO - Loss plotted.
2024-02-08 01:02:09,248 - models_training - INFO - Best Model 'Behind-the-head skullcrusher': epoch = 11, loss = 0.0300424937158823, val_loss = 0.03228697180747986
2024-02-08 01:02:09,248 - models_training - INFO - Training model for exercise 'Incline dumbbell biceps curl'...
2024-02-08 01:02:14,168 - models_training - INFO - Model for exercise 'Incline dumbbell biceps curl' trained.
2024-02-08 01:02:14,169 - models_training - INFO - Plotting loss...
2024-02-08 01:02:14,218 - models_training - INFO - Loss plotted.
2024-02-08 01:02:14,218 - models_training - INFO - Best Model 'Incline dumbbell biceps curl': epoch = 5, loss = 0.0750037208199501, val_loss = 0.02282681316137314
2024-02-08 01:02:14,218 - models_training - INFO - Training model for exercise 'Pull-up'...
2024-02-08 01:02:18,966 - models_training - INFO - Model for exercise 'Pull-up' trained.
2024-02-08 01:02:18,966 - models_training - INFO - Plotting loss...
2024-02-08 01:02:19,013 - models_training - INFO - Loss plotted.
2024-02-08 01:02:19,013 - models_training - INFO - Best Model 'Pull-up': epoch = 17, loss = 0.021322954446077347, val_loss = 0.0005655412678606808
2024-02-08 01:02:19,013 - models_training - INFO - Training model for exercise 'Hammer Curls'...
2024-02-08 01:02:23,013 - models_training - INFO - Model for exercise 'Hammer Curls' trained.
2024-02-08 01:02:23,013 - models_training - INFO - Plotting loss...
2024-02-08 01:02:23,062 - models_training - INFO - Loss plotted.
2024-02-08 01:02:23,062 - models_training - INFO - Best Model 'Hammer Curls': epoch = 9, loss = 0.05815715715289116, val_loss = 0.016826016828417778
2024-02-08 01:02:23,062 - models_training - INFO - Training model for exercise 'Seated dumbbell shoulder press'...
2024-02-08 01:02:27,318 - models_training - INFO - Model for exercise 'Seated dumbbell shoulder press' trained.
2024-02-08 01:02:27,318 - models_training - INFO - Plotting loss...
2024-02-08 01:02:27,366 - models_training - INFO - Loss plotted.
2024-02-08 01:02:27,366 - models_training - INFO - Best Model 'Seated dumbbell shoulder press': epoch = 5, loss = 0.08890696614980698, val_loss = 0.03406515344977379
2024-02-08 01:02:27,366 - models_training - INFO - Training model for exercise 'Barbell Squat'...
2024-02-08 01:02:32,173 - models_training - INFO - Model for exercise 'Barbell Squat' trained.
2024-02-08 01:02:32,173 - models_training - INFO - Plotting loss...
2024-02-08 01:02:32,222 - models_training - INFO - Loss plotted.
2024-02-08 01:02:32,222 - models_training - INFO - Best Model 'Barbell Squat': epoch = 8, loss = 0.07658969610929489, val_loss = 0.016035396605730057
2024-02-08 01:02:32,222 - models_training - INFO - Training model for exercise 'Leg Press'...
2024-02-08 01:02:37,095 - models_training - INFO - Model for exercise 'Leg Press' trained.
2024-02-08 01:02:37,095 - models_training - INFO - Plotting loss...
2024-02-08 01:02:37,146 - models_training - INFO - Loss plotted.
2024-02-08 01:02:37,146 - models_training - INFO - Best Model 'Leg Press': epoch = 7, loss = 0.06852515786886215, val_loss = 0.011652222834527493
2024-02-08 01:02:37,146 - models_training - INFO - Training model for exercise 'Triceps Pushdown'...
2024-02-08 01:02:41,888 - models_training - INFO - Model for exercise 'Triceps Pushdown' trained.
2024-02-08 01:02:41,888 - models_training - INFO - Plotting loss...
2024-02-08 01:02:41,938 - models_training - INFO - Loss plotted.
2024-02-08 01:02:41,938 - models_training - INFO - Best Model 'Triceps Pushdown': epoch = 7, loss = 0.17323142290115356, val_loss = 0.009442898444831371
2024-02-08 01:02:41,938 - models_training - INFO - Training model for exercise 'Leg Extensions'...
2024-02-08 01:02:47,020 - models_training - INFO - Model for exercise 'Leg Extensions' trained.
2024-02-08 01:02:47,020 - models_training - INFO - Plotting loss...
2024-02-08 01:02:47,071 - models_training - INFO - Loss plotted.
2024-02-08 01:02:47,071 - models_training - INFO - Best Model 'Leg Extensions': epoch = 17, loss = 0.0409664511680603, val_loss = 0.013338695280253887
2024-02-08 01:02:47,071 - models_training - INFO - Training model for exercise 'Smith machine standing calf raise'...
2024-02-08 01:02:51,569 - models_training - INFO - Model for exercise 'Smith machine standing calf raise' trained.
2024-02-08 01:02:51,569 - models_training - INFO - Plotting loss...
2024-02-08 01:02:51,616 - models_training - INFO - Loss plotted.
2024-02-08 01:02:51,616 - models_training - INFO - Best Model 'Smith machine standing calf raise': epoch = 8, loss = 0.04881175234913826, val_loss = 0.004360843449831009
2024-02-08 01:02:51,616 - models_training - INFO - Training model for exercise 'Lat pull-down'...
2024-02-08 01:02:56,546 - models_training - INFO - Model for exercise 'Lat pull-down' trained.
2024-02-08 01:02:56,547 - models_training - INFO - Plotting loss...
2024-02-08 01:02:56,597 - models_training - INFO - Loss plotted.
2024-02-08 01:02:56,597 - models_training - INFO - Best Model 'Lat pull-down': epoch = 8, loss = 0.045829907059669495, val_loss = 0.019251350313425064
2024-02-08 01:02:56,597 - models_training - INFO - Training model for exercise 'Dumbbell Bench Press'...
2024-02-08 01:03:01,124 - models_training - INFO - Model for exercise 'Dumbbell Bench Press' trained.
2024-02-08 01:03:01,124 - models_training - INFO - Plotting loss...
2024-02-08 01:03:01,173 - models_training - INFO - Loss plotted.
2024-02-08 01:03:01,173 - models_training - INFO - Best Model 'Dumbbell Bench Press': epoch = 20, loss = 0.036728523671627045, val_loss = 0.06491471081972122
2024-02-08 01:03:01,173 - models_training - INFO - Training model for exercise 'Incline dumbbell bench press'...
2024-02-08 01:03:06,337 - models_training - INFO - Model for exercise 'Incline dumbbell bench press' trained.
2024-02-08 01:03:06,337 - models_training - INFO - Plotting loss...
2024-02-08 01:03:06,387 - models_training - INFO - Loss plotted.
2024-02-08 01:03:06,387 - models_training - INFO - Best Model 'Incline dumbbell bench press': epoch = 8, loss = 0.06945327669382095, val_loss = 0.013723764568567276
2024-02-08 01:03:06,387 - models_training - INFO - Training model for exercise 'Bench press'...
2024-02-08 01:03:10,848 - models_training - INFO - Model for exercise 'Bench press' trained.
2024-02-08 01:03:10,848 - models_training - INFO - Plotting loss...
2024-02-08 01:03:10,898 - models_training - INFO - Loss plotted.
2024-02-08 01:03:10,898 - models_training - INFO - Best Model 'Bench press': epoch = 15, loss = 0.05464867874979973, val_loss = 0.015092416666448116
2024-02-08 01:03:10,898 - models_training - INFO - Training model for exercise 'Seated Cable Rows'...
2024-02-08 01:03:15,344 - models_training - INFO - Model for exercise 'Seated Cable Rows' trained.
2024-02-08 01:03:15,344 - models_training - INFO - Plotting loss...
2024-02-08 01:03:15,395 - models_training - INFO - Loss plotted.
2024-02-08 01:03:15,395 - models_training - INFO - Best Model 'Seated Cable Rows': epoch = 7, loss = 0.00905611738562584, val_loss = 0.13626988232135773
2024-02-08 01:03:15,395 - models_training - INFO - Training model for exercise 'Standing crossed-cable rear delt fly'...
2024-02-08 01:03:20,221 - models_training - INFO - Model for exercise 'Standing crossed-cable rear delt fly' trained.
2024-02-08 01:03:20,221 - models_training - INFO - Plotting loss...
2024-02-08 01:03:20,271 - models_training - INFO - Loss plotted.
2024-02-08 01:03:20,271 - models_training - INFO - Best Model 'Standing crossed-cable rear delt fly': epoch = 17, loss = 0.05442720651626587, val_loss = 0.0043754735961556435
2024-02-08 01:03:20,271 - models_training - INFO - Training model for exercise 'Straight-arm cable pull-over'...
2024-02-08 01:03:24,437 - models_training - INFO - Model for exercise 'Straight-arm cable pull-over' trained.
2024-02-08 01:03:24,439 - models_training - INFO - Plotting loss...
2024-02-08 01:03:24,486 - models_training - INFO - Loss plotted.
2024-02-08 01:03:24,486 - models_training - INFO - Best Model 'Straight-arm cable pull-over': epoch = 15, loss = 0.06145580857992172, val_loss = 0.015241819433867931
2024-02-08 01:03:24,486 - models_training - INFO - Training model for exercise 'Bent Over Barbell Row'...
2024-02-08 01:03:28,549 - models_training - INFO - Model for exercise 'Bent Over Barbell Row' trained.
2024-02-08 01:03:28,549 - models_training - INFO - Plotting loss...
2024-02-08 01:03:28,599 - models_training - INFO - Loss plotted.
2024-02-08 01:03:28,599 - models_training - INFO - Best Model 'Bent Over Barbell Row': epoch = 10, loss = 0.07672719657421112, val_loss = 0.00864336732774973
2024-02-08 01:03:28,599 - models_training - INFO - Training model for exercise 'Low-cable cross-over'...
2024-02-08 01:03:34,323 - models_training - INFO - Model for exercise 'Low-cable cross-over' trained.
2024-02-08 01:03:34,323 - models_training - INFO - Plotting loss...
2024-02-08 01:03:34,372 - models_training - INFO - Loss plotted.
2024-02-08 01:03:34,372 - models_training - INFO - Best Model 'Low-cable cross-over': epoch = 12, loss = 0.07776977121829987, val_loss = 0.08290895074605942
2024-02-08 01:03:34,372 - models_training - INFO - Models trained.
2024-02-08 01:03:34,372 - models_training - INFO - Archiving models...
2024-02-08 01:03:34,383 - models_training - INFO - Models archived to : /Users/gabriel-macbook/Library/CloudStorage/OneDrive-Efrei/Efrei/M2/Machine Learning in Production/mlops-workout/models/versions/models_2024-02-08.tar.gz
2024-02-08 01:13:00,097 - models_training - INFO - Training models...
2024-02-08 01:13:00,098 - models_training - INFO - Loading and preprocessing data...
2024-02-08 01:13:00,101 - models_training - INFO - Data loaded and preprocessed.
2024-02-08 01:13:00,102 - models_training - INFO - Training model for exercise 'Dumbbell lateral raise'...
2024-02-08 01:13:04,368 - models_training - INFO - Model for exercise 'Dumbbell lateral raise' trained.
2024-02-08 01:13:04,368 - models_training - INFO - Plotting loss...
2024-02-08 01:13:04,464 - models_training - INFO - Loss plotted.
2024-02-08 01:13:04,464 - models_training - INFO - Best Model 'Dumbbell lateral raise': epoch = 14, loss = 0.036286816000938416, val_loss = 0.028030693531036377
2024-02-08 01:13:04,464 - models_training - INFO - Training model for exercise 'Behind-the-head skullcrusher'...
2024-02-08 01:13:09,102 - models_training - INFO - Model for exercise 'Behind-the-head skullcrusher' trained.
2024-02-08 01:13:09,102 - models_training - INFO - Plotting loss...
2024-02-08 01:13:09,148 - models_training - INFO - Loss plotted.
2024-02-08 01:13:09,149 - models_training - INFO - Best Model 'Behind-the-head skullcrusher': epoch = 12, loss = 0.022913992404937744, val_loss = 0.03224592283368111
2024-02-08 01:13:09,149 - models_training - INFO - Models trained.
2024-02-08 01:13:09,149 - models_training - INFO - Archiving models...
2024-02-08 01:13:09,156 - models_training - INFO - Models archived to : /Users/gabriel-macbook/Library/CloudStorage/OneDrive-Efrei/Efrei/M2/Machine Learning in Production/mlops-workout/models/versions/models_2024-02-08.tar.gz
2024-02-08 01:20:00,096 - models_training - INFO - Training models...
2024-02-08 01:20:00,096 - models_training - INFO - Loading and preprocessing data...
2024-02-08 01:20:00,099 - models_training - INFO - Data loaded and preprocessed.
2024-02-08 01:20:00,099 - models_training - INFO - Training model for exercise 'Dumbbell lateral raise'...
2024-02-08 01:20:04,384 - models_training - INFO - Model for exercise 'Dumbbell lateral raise' trained.
2024-02-08 01:20:04,384 - models_training - INFO - Plotting loss...
2024-02-08 01:20:04,466 - models_training - INFO - Loss plotted.
2024-02-08 01:20:04,466 - models_training - INFO - Best Model 'Dumbbell lateral raise': epoch = 12, loss = 0.03371906280517578, val_loss = 0.02786494791507721
2024-02-08 01:20:04,466 - models_training - INFO - Training model for exercise 'Behind-the-head skullcrusher'...
2024-02-08 01:20:09,285 - models_training - INFO - Model for exercise 'Behind-the-head skullcrusher' trained.
2024-02-08 01:20:09,285 - models_training - INFO - Plotting loss...
2024-02-08 01:20:09,355 - models_training - INFO - Loss plotted.
2024-02-08 01:20:09,355 - models_training - INFO - Best Model 'Behind-the-head skullcrusher': epoch = 13, loss = 0.025828693062067032, val_loss = 0.032557081431150436
2024-02-08 01:20:09,355 - models_training - INFO - Models trained.
2024-02-08 01:20:09,355 - models_training - INFO - Archiving models...
2024-02-08 01:20:09,364 - models_training - INFO - Models archived to : /Users/gabriel-macbook/Library/CloudStorage/OneDrive-Efrei/Efrei/M2/Machine Learning in Production/mlops-workout/models/versions/models_2024-02-08.tar.gz
2024-02-08 01:25:00,103 - models_training - INFO - Training models...
2024-02-08 01:25:00,103 - models_training - INFO - Loading and preprocessing data...
2024-02-08 01:25:00,106 - models_training - INFO - Data loaded and preprocessed.
2024-02-08 01:25:00,107 - models_training - INFO - Training model for exercise 'Dumbbell lateral raise'...
2024-02-08 01:25:04,408 - models_training - INFO - Model for exercise 'Dumbbell lateral raise' trained.
2024-02-08 01:25:04,408 - models_training - INFO - Plotting loss...
2024-02-08 01:25:04,498 - models_training - INFO - Loss plotted.
2024-02-08 01:25:04,498 - models_training - INFO - Best Model 'Dumbbell lateral raise': epoch = 6, loss = 0.040414195507764816, val_loss = 0.02784322015941143
2024-02-08 01:25:04,498 - models_training - INFO - Training model for exercise 'Behind-the-head skullcrusher'...
2024-02-08 01:25:09,228 - models_training - INFO - Model for exercise 'Behind-the-head skullcrusher' trained.
2024-02-08 01:25:09,228 - models_training - INFO - Plotting loss...
2024-02-08 01:25:09,277 - models_training - INFO - Loss plotted.
2024-02-08 01:25:09,277 - models_training - INFO - Best Model 'Behind-the-head skullcrusher': epoch = 12, loss = 0.02406713180243969, val_loss = 0.03228527307510376
2024-02-08 01:25:09,277 - models_training - INFO - Models trained.
2024-02-08 01:25:09,277 - models_training - INFO - Archiving models...
2024-02-08 01:25:12,788 - models_training - INFO - Models archived to : ../models/versions/models_2024-02-08.tar.gz
2024-02-08 01:28:00,103 - models_training - INFO - Training models...
2024-02-08 01:28:00,103 - models_training - INFO - Loading and preprocessing data...
2024-02-08 01:28:00,107 - models_training - INFO - Data loaded and preprocessed.
2024-02-08 01:28:00,107 - models_training - INFO - Training model for exercise 'Dumbbell lateral raise'...
2024-02-08 01:28:04,585 - models_training - INFO - Model for exercise 'Dumbbell lateral raise' trained.
2024-02-08 01:28:04,585 - models_training - INFO - Plotting loss...
2024-02-08 01:28:04,708 - models_training - INFO - Loss plotted.
2024-02-08 01:28:04,708 - models_training - INFO - Best Model 'Dumbbell lateral raise': epoch = 12, loss = 0.04113331437110901, val_loss = 0.028066301718354225
2024-02-08 01:28:04,708 - models_training - INFO - Training model for exercise 'Behind-the-head skullcrusher'...
2024-02-08 01:28:09,541 - models_training - INFO - Model for exercise 'Behind-the-head skullcrusher' trained.
2024-02-08 01:28:09,541 - models_training - INFO - Plotting loss...
2024-02-08 01:28:09,588 - models_training - INFO - Loss plotted.
2024-02-08 01:28:09,588 - models_training - INFO - Best Model 'Behind-the-head skullcrusher': epoch = 12, loss = 0.02413351647555828, val_loss = 0.03226328268647194
2024-02-08 01:28:09,588 - models_training - INFO - Models trained.
2024-02-08 01:28:09,589 - models_training - INFO - Archiving models...
2024-02-08 01:28:13,134 - models_training - INFO - Models archived to : ../models/versions/models_2024-02-08.tar.gz
2024-02-08 10:53:00,100 - models_training - INFO - Training models...
2024-02-08 10:53:00,100 - models_training - INFO - Loading and preprocessing data...
2024-02-08 10:53:00,105 - models_training - INFO - Data loaded and preprocessed.
2024-02-08 10:53:00,105 - models_training - INFO - Training model for exercise 'Dumbbell lateral raise'...
2024-02-08 10:53:04,476 - models_training - INFO - Model for exercise 'Dumbbell lateral raise' trained.
2024-02-08 10:53:04,476 - models_training - INFO - Plotting loss...
2024-02-08 10:53:04,595 - models_training - INFO - Loss plotted.
2024-02-08 10:53:04,595 - models_training - INFO - Best Model 'Dumbbell lateral raise': epoch = 6, loss = 0.04090767353773117, val_loss = 0.02781602181494236
2024-02-08 10:53:04,595 - models_training - INFO - Training model for exercise 'Behind-the-head skullcrusher'...
2024-02-08 10:53:09,305 - models_training - INFO - Model for exercise 'Behind-the-head skullcrusher' trained.
2024-02-08 10:53:09,306 - models_training - INFO - Plotting loss...
2024-02-08 10:53:09,354 - models_training - INFO - Loss plotted.
2024-02-08 10:53:09,354 - models_training - INFO - Best Model 'Behind-the-head skullcrusher': epoch = 11, loss = 0.027344198897480965, val_loss = 0.032206978648900986
2024-02-08 10:53:09,354 - models_training - INFO - Training model for exercise 'Incline dumbbell biceps curl'...
2024-02-08 10:53:14,265 - models_training - INFO - Model for exercise 'Incline dumbbell biceps curl' trained.
2024-02-08 10:53:14,265 - models_training - INFO - Plotting loss...
2024-02-08 10:53:14,313 - models_training - INFO - Loss plotted.
2024-02-08 10:53:14,313 - models_training - INFO - Best Model 'Incline dumbbell biceps curl': epoch = 5, loss = 0.07044271379709244, val_loss = 0.02316034585237503
2024-02-08 10:53:14,313 - models_training - INFO - Training model for exercise 'Pull-up'...
2024-02-08 10:53:19,759 - models_training - INFO - Model for exercise 'Pull-up' trained.
2024-02-08 10:53:19,760 - models_training - INFO - Plotting loss...
2024-02-08 10:53:19,808 - models_training - INFO - Loss plotted.
2024-02-08 10:53:19,808 - models_training - INFO - Best Model 'Pull-up': epoch = 20, loss = 0.019898496568202972, val_loss = 0.0020316417794674635
2024-02-08 10:53:19,808 - models_training - INFO - Training model for exercise 'Hammer Curls'...
2024-02-08 10:53:24,155 - models_training - INFO - Model for exercise 'Hammer Curls' trained.
2024-02-08 10:53:24,155 - models_training - INFO - Plotting loss...
2024-02-08 10:53:24,202 - models_training - INFO - Loss plotted.
2024-02-08 10:53:24,202 - models_training - INFO - Best Model 'Hammer Curls': epoch = 9, loss = 0.05135232210159302, val_loss = 0.017060162499547005
2024-02-08 10:53:24,202 - models_training - INFO - Training model for exercise 'Seated dumbbell shoulder press'...
2024-02-08 10:53:28,744 - models_training - INFO - Model for exercise 'Seated dumbbell shoulder press' trained.
2024-02-08 10:53:28,744 - models_training - INFO - Plotting loss...
2024-02-08 10:53:28,792 - models_training - INFO - Loss plotted.
2024-02-08 10:53:28,793 - models_training - INFO - Best Model 'Seated dumbbell shoulder press': epoch = 5, loss = 0.09358827024698257, val_loss = 0.0325358584523201
2024-02-08 10:53:28,793 - models_training - INFO - Training model for exercise 'Barbell Squat'...
2024-02-08 10:54:00,097 - models_training - INFO - Training models...
2024-02-08 10:54:00,097 - models_training - INFO - Loading and preprocessing data...
2024-02-08 10:54:00,103 - models_training - INFO - Data loaded and preprocessed.
2024-02-08 10:54:00,103 - models_training - INFO - Training model for exercise 'Dumbbell lateral raise'...
2024-02-08 10:54:04,591 - models_training - INFO - Model for exercise 'Dumbbell lateral raise' trained.
2024-02-08 10:54:04,591 - models_training - INFO - Plotting loss...
2024-02-08 10:54:04,669 - models_training - INFO - Loss plotted.
2024-02-08 10:54:04,669 - models_training - INFO - Best Model 'Dumbbell lateral raise': epoch = 12, loss = 0.03246201574802399, val_loss = 0.027767742052674294
2024-02-08 10:54:04,669 - models_training - INFO - Training model for exercise 'Behind-the-head skullcrusher'...
2024-02-08 10:54:09,569 - models_training - INFO - Model for exercise 'Behind-the-head skullcrusher' trained.
2024-02-08 10:54:09,569 - models_training - INFO - Plotting loss...
2024-02-08 10:54:09,615 - models_training - INFO - Loss plotted.
2024-02-08 10:54:09,616 - models_training - INFO - Best Model 'Behind-the-head skullcrusher': epoch = 13, loss = 0.02099328674376011, val_loss = 0.032323628664016724
2024-02-08 10:54:09,616 - models_training - INFO - Models trained.
2024-02-08 10:54:09,616 - models_training - INFO - Archiving models...
2024-02-08 10:54:12,969 - models_training - INFO - Models archived to : ../models/versions/models_2024-02-08.tar.gz
2024-02-08 10:55:00,103 - models_training - INFO - Training models...
2024-02-08 10:55:00,103 - models_training - INFO - Loading and preprocessing data...
2024-02-08 10:55:00,108 - models_training - INFO - Data loaded and preprocessed.
2024-02-08 10:55:00,108 - models_training - INFO - Training model for exercise 'Dumbbell lateral raise'...
2024-02-08 10:55:04,864 - models_training - INFO - Model for exercise 'Dumbbell lateral raise' trained.
2024-02-08 10:55:04,864 - models_training - INFO - Plotting loss...
2024-02-08 10:55:04,952 - models_training - INFO - Loss plotted.
2024-02-08 10:55:04,952 - models_training - INFO - Best Model 'Dumbbell lateral raise': epoch = 14, loss = 0.03672510385513306, val_loss = 0.02829163148999214
2024-02-08 10:55:04,952 - models_training - INFO - Training model for exercise 'Behind-the-head skullcrusher'...
2024-02-08 10:55:09,847 - models_training - INFO - Model for exercise 'Behind-the-head skullcrusher' trained.
2024-02-08 10:55:09,848 - models_training - INFO - Plotting loss...
2024-02-08 10:55:09,895 - models_training - INFO - Loss plotted.
2024-02-08 10:55:09,895 - models_training - INFO - Best Model 'Behind-the-head skullcrusher': epoch = 9, loss = 0.02822110615670681, val_loss = 0.032274480909109116
2024-02-08 10:55:09,895 - models_training - INFO - Models trained.
2024-02-08 10:55:09,895 - models_training - INFO - Archiving models...
2024-02-08 10:55:13,309 - models_training - INFO - Models archived to : ../models/versions/models_2024-02-08.tar.gz
2024-02-08 11:34:00,110 - models_training - INFO - Training models...
2024-02-08 11:34:00,110 - models_training - INFO - Loading and preprocessing data...
2024-02-08 11:34:00,116 - models_training - INFO - Data loaded and preprocessed.
2024-02-08 11:34:00,116 - models_training - INFO - Training model for exercise 'Dumbbell lateral raise'...
2024-02-08 11:34:04,657 - models_training - INFO - Model for exercise 'Dumbbell lateral raise' trained.
2024-02-08 11:34:04,657 - models_training - INFO - Plotting loss...
2024-02-08 11:34:04,847 - models_training - INFO - Loss plotted.
2024-02-08 11:34:04,847 - models_training - INFO - Best Model 'Dumbbell lateral raise': epoch = 10, loss = 0.03570902720093727, val_loss = 0.027779368683695793
2024-02-08 11:34:04,847 - models_training - INFO - Training model for exercise 'Behind-the-head skullcrusher'...
2024-02-08 11:34:09,594 - models_training - INFO - Model for exercise 'Behind-the-head skullcrusher' trained.
2024-02-08 11:34:09,594 - models_training - INFO - Plotting loss...
2024-02-08 11:34:09,641 - models_training - INFO - Loss plotted.
2024-02-08 11:34:09,641 - models_training - INFO - Best Model 'Behind-the-head skullcrusher': epoch = 13, loss = 0.021137937903404236, val_loss = 0.032332852482795715
2024-02-08 11:34:09,641 - models_training - INFO - Models trained.
2024-02-08 11:34:09,641 - models_training - INFO - Archiving models...
2024-02-08 11:34:13,679 - models_training - INFO - Models archived to : ../models/versions/models_2024-02-08.tar.gz
2024-02-08 11:48:00,102 - models_training - INFO - Training models...
2024-02-08 11:48:00,102 - models_training - INFO - Loading and preprocessing data...
2024-02-08 11:48:00,107 - models_training - INFO - Data loaded and preprocessed.
2024-02-08 11:48:00,107 - models_training - INFO - Training model for exercise 'Dumbbell lateral raise'...
2024-02-08 11:48:04,378 - models_training - INFO - Model for exercise 'Dumbbell lateral raise' trained.
2024-02-08 11:48:04,379 - models_training - INFO - Plotting loss...
2024-02-08 11:48:04,579 - models_training - INFO - Loss plotted.
2024-02-08 11:48:04,579 - models_training - INFO - Best Model 'Dumbbell lateral raise': epoch = 6, loss = 0.050618305802345276, val_loss = 0.02788418158888817
2024-02-08 11:48:04,579 - models_training - INFO - Training model for exercise 'Behind-the-head skullcrusher'...
2024-02-08 11:48:09,236 - models_training - INFO - Model for exercise 'Behind-the-head skullcrusher' trained.
2024-02-08 11:48:09,236 - models_training - INFO - Plotting loss...
2024-02-08 11:48:09,283 - models_training - INFO - Loss plotted.
2024-02-08 11:48:09,283 - models_training - INFO - Best Model 'Behind-the-head skullcrusher': epoch = 12, loss = 0.023439664393663406, val_loss = 0.032247405499219894
2024-02-08 11:48:09,283 - models_training - INFO - Training model for exercise 'Incline dumbbell biceps curl'...
2024-02-08 11:48:14,209 - models_training - INFO - Model for exercise 'Incline dumbbell biceps curl' trained.
2024-02-08 11:48:14,209 - models_training - INFO - Plotting loss...
2024-02-08 11:48:14,256 - models_training - INFO - Loss plotted.
2024-02-08 11:48:14,256 - models_training - INFO - Best Model 'Incline dumbbell biceps curl': epoch = 5, loss = 0.06453940272331238, val_loss = 0.025821218267083168
2024-02-08 11:48:14,256 - models_training - INFO - Training model for exercise 'Pull-up'...
2024-02-08 11:48:19,058 - models_training - INFO - Model for exercise 'Pull-up' trained.
2024-02-08 11:48:19,058 - models_training - INFO - Plotting loss...
2024-02-08 11:48:19,106 - models_training - INFO - Loss plotted.
2024-02-08 11:48:19,106 - models_training - INFO - Best Model 'Pull-up': epoch = 17, loss = 0.018613947555422783, val_loss = 0.0009623372461646795
2024-02-08 11:48:19,106 - models_training - INFO - Training model for exercise 'Hammer Curls'...
2024-02-08 11:48:23,419 - models_training - INFO - Model for exercise 'Hammer Curls' trained.
2024-02-08 11:48:23,419 - models_training - INFO - Plotting loss...
2024-02-08 11:48:23,470 - models_training - INFO - Loss plotted.
2024-02-08 11:48:23,470 - models_training - INFO - Best Model 'Hammer Curls': epoch = 9, loss = 0.05916864797472954, val_loss = 0.01673138700425625
2024-02-08 11:48:23,470 - models_training - INFO - Training model for exercise 'Seated dumbbell shoulder press'...
2024-02-08 11:48:28,123 - models_training - INFO - Model for exercise 'Seated dumbbell shoulder press' trained.
2024-02-08 11:48:28,124 - models_training - INFO - Plotting loss...
2024-02-08 11:48:28,174 - models_training - INFO - Loss plotted.
2024-02-08 11:48:28,174 - models_training - INFO - Best Model 'Seated dumbbell shoulder press': epoch = 5, loss = 0.10006083548069, val_loss = 0.0328054279088974
2024-02-08 11:48:28,174 - models_training - INFO - Training model for exercise 'Barbell Squat'...
2024-02-08 11:48:33,136 - models_training - INFO - Model for exercise 'Barbell Squat' trained.
2024-02-08 11:48:33,136 - models_training - INFO - Plotting loss...
2024-02-08 11:48:33,185 - models_training - INFO - Loss plotted.
2024-02-08 11:48:33,185 - models_training - INFO - Best Model 'Barbell Squat': epoch = 8, loss = 0.08832997828722, val_loss = 0.01602795533835888
2024-02-08 11:48:33,185 - models_training - INFO - Training model for exercise 'Leg Press'...
2024-02-08 11:48:38,074 - models_training - INFO - Model for exercise 'Leg Press' trained.
2024-02-08 11:48:38,075 - models_training - INFO - Plotting loss...
2024-02-08 11:48:38,124 - models_training - INFO - Loss plotted.
2024-02-08 11:48:38,125 - models_training - INFO - Best Model 'Leg Press': epoch = 17, loss = 0.04720138758420944, val_loss = 0.01111091859638691
2024-02-08 11:48:38,125 - models_training - INFO - Training model for exercise 'Triceps Pushdown'...
2024-02-08 11:48:42,655 - models_training - INFO - Model for exercise 'Triceps Pushdown' trained.
2024-02-08 11:48:42,656 - models_training - INFO - Plotting loss...
2024-02-08 11:48:42,704 - models_training - INFO - Loss plotted.
2024-02-08 11:48:42,704 - models_training - INFO - Best Model 'Triceps Pushdown': epoch = 9, loss = 0.17097622156143188, val_loss = 0.01049345824867487
2024-02-08 11:48:42,704 - models_training - INFO - Training model for exercise 'Leg Extensions'...
2024-02-08 11:48:47,666 - models_training - INFO - Model for exercise 'Leg Extensions' trained.
2024-02-08 11:48:47,667 - models_training - INFO - Plotting loss...
2024-02-08 11:48:47,717 - models_training - INFO - Loss plotted.
2024-02-08 11:48:47,717 - models_training - INFO - Best Model 'Leg Extensions': epoch = 9, loss = 0.07817809283733368, val_loss = 0.006837129592895508
2024-02-08 11:48:47,717 - models_training - INFO - Training model for exercise 'Smith machine standing calf raise'...
2024-02-08 11:48:52,235 - models_training - INFO - Model for exercise 'Smith machine standing calf raise' trained.
2024-02-08 11:48:52,235 - models_training - INFO - Plotting loss...
2024-02-08 11:48:52,281 - models_training - INFO - Loss plotted.
2024-02-08 11:48:52,281 - models_training - INFO - Best Model 'Smith machine standing calf raise': epoch = 8, loss = 0.05042945221066475, val_loss = 0.00410502078011632
2024-02-08 11:48:52,281 - models_training - INFO - Training model for exercise 'Lat pull-down'...
2024-02-08 11:48:57,438 - models_training - INFO - Model for exercise 'Lat pull-down' trained.
2024-02-08 11:48:57,438 - models_training - INFO - Plotting loss...
2024-02-08 11:48:57,492 - models_training - INFO - Loss plotted.
2024-02-08 11:48:57,493 - models_training - INFO - Best Model 'Lat pull-down': epoch = 10, loss = 0.07412544637918472, val_loss = 0.020991992205381393
2024-02-08 11:48:57,493 - models_training - INFO - Training model for exercise 'Dumbbell Bench Press'...
2024-02-08 11:49:01,925 - models_training - INFO - Model for exercise 'Dumbbell Bench Press' trained.
2024-02-08 11:49:01,925 - models_training - INFO - Plotting loss...
2024-02-08 11:49:01,972 - models_training - INFO - Loss plotted.
2024-02-08 11:49:01,972 - models_training - INFO - Best Model 'Dumbbell Bench Press': epoch = 14, loss = 0.04855981841683388, val_loss = 0.06469867378473282
2024-02-08 11:49:01,972 - models_training - INFO - Training model for exercise 'Incline dumbbell bench press'...
2024-02-08 11:49:06,897 - models_training - INFO - Model for exercise 'Incline dumbbell bench press' trained.
2024-02-08 11:49:06,898 - models_training - INFO - Plotting loss...
2024-02-08 11:49:06,948 - models_training - INFO - Loss plotted.
2024-02-08 11:49:06,948 - models_training - INFO - Best Model 'Incline dumbbell bench press': epoch = 8, loss = 0.05233165621757507, val_loss = 0.013390906155109406
2024-02-08 11:49:06,948 - models_training - INFO - Training model for exercise 'Bench press'...
2024-02-08 11:49:11,351 - models_training - INFO - Model for exercise 'Bench press' trained.
2024-02-08 11:49:11,351 - models_training - INFO - Plotting loss...
2024-02-08 11:49:11,400 - models_training - INFO - Loss plotted.
2024-02-08 11:49:11,400 - models_training - INFO - Best Model 'Bench press': epoch = 11, loss = 0.04600999131798744, val_loss = 0.014831915497779846
2024-02-08 11:49:11,401 - models_training - INFO - Training model for exercise 'Seated Cable Rows'...
2024-02-08 11:49:16,025 - models_training - INFO - Model for exercise 'Seated Cable Rows' trained.
2024-02-08 11:49:16,026 - models_training - INFO - Plotting loss...
2024-02-08 11:49:16,077 - models_training - INFO - Loss plotted.
2024-02-08 11:49:16,077 - models_training - INFO - Best Model 'Seated Cable Rows': epoch = 7, loss = 0.007696782238781452, val_loss = 0.13609784841537476
2024-02-08 11:49:16,077 - models_training - INFO - Training model for exercise 'Standing crossed-cable rear delt fly'...
2024-02-08 11:49:21,162 - models_training - INFO - Model for exercise 'Standing crossed-cable rear delt fly' trained.
2024-02-08 11:49:21,163 - models_training - INFO - Plotting loss...
2024-02-08 11:49:21,216 - models_training - INFO - Loss plotted.
2024-02-08 11:49:21,216 - models_training - INFO - Best Model 'Standing crossed-cable rear delt fly': epoch = 17, loss = 0.044798593968153, val_loss = 0.0036392074543982744
2024-02-08 11:49:21,216 - models_training - INFO - Training model for exercise 'Straight-arm cable pull-over'...
2024-02-08 11:49:25,511 - models_training - INFO - Model for exercise 'Straight-arm cable pull-over' trained.
2024-02-08 11:49:25,512 - models_training - INFO - Plotting loss...
2024-02-08 11:49:25,561 - models_training - INFO - Loss plotted.
2024-02-08 11:49:25,561 - models_training - INFO - Best Model 'Straight-arm cable pull-over': epoch = 14, loss = 0.07071150839328766, val_loss = 0.015295731835067272
2024-02-08 11:49:25,561 - models_training - INFO - Training model for exercise 'Bent Over Barbell Row'...
2024-02-08 11:49:29,687 - models_training - INFO - Model for exercise 'Bent Over Barbell Row' trained.
2024-02-08 11:49:29,688 - models_training - INFO - Plotting loss...
2024-02-08 11:49:29,738 - models_training - INFO - Loss plotted.
2024-02-08 11:49:29,738 - models_training - INFO - Best Model 'Bent Over Barbell Row': epoch = 10, loss = 0.07108128815889359, val_loss = 0.009057399816811085
2024-02-08 11:49:29,738 - models_training - INFO - Training model for exercise 'Low-cable cross-over'...
2024-02-08 11:49:35,128 - models_training - INFO - Model for exercise 'Low-cable cross-over' trained.
2024-02-08 11:49:35,129 - models_training - INFO - Plotting loss...
2024-02-08 11:49:35,178 - models_training - INFO - Loss plotted.
2024-02-08 11:49:35,178 - models_training - INFO - Best Model 'Low-cable cross-over': epoch = 17, loss = 0.10412392020225525, val_loss = 0.08229678869247437
2024-02-08 11:49:35,179 - models_training - INFO - Models trained.
2024-02-08 11:49:35,179 - models_training - INFO - Archiving models...
2024-02-08 11:49:41,841 - models_training - INFO - Models archived to : ../models/versions/models_2024-02-08.tar.gz
2024-02-08 13:11:00,116 - models_training - INFO - Training models...
2024-02-08 13:11:00,117 - models_training - INFO - Loading and preprocessing data...
2024-02-08 13:11:00,123 - models_training - INFO - Data loaded and preprocessed.
2024-02-08 13:11:00,123 - models_training - INFO - Training model for exercise 'Dumbbell lateral raise'...
2024-02-08 13:11:04,752 - models_training - INFO - Model for exercise 'Dumbbell lateral raise' trained.
2024-02-08 13:11:04,752 - models_training - INFO - Plotting loss...
2024-02-08 13:11:04,921 - models_training - INFO - Loss plotted.
2024-02-08 13:11:04,921 - models_training - INFO - Best Model 'Dumbbell lateral raise': epoch = 12, loss = 0.03326045349240303, val_loss = 0.02789420075714588
2024-02-08 13:11:04,921 - models_training - INFO - Models trained.
2024-02-08 13:11:04,922 - models_training - INFO - Archiving models...
2024-02-08 13:11:11,426 - models_training - INFO - Models archived to : ../models/versions/models_2024-02-08.tar.gz
2024-02-08 15:19:30,102 - models_training - INFO - Training models...
2024-02-08 15:19:30,102 - models_training - INFO - Loading and preprocessing data...
2024-02-08 15:19:30,107 - models_training - INFO - Data loaded and preprocessed.
2024-02-08 15:19:30,107 - models_training - INFO - Training model for exercise 'Dumbbell lateral raise'...
2024-02-08 15:19:34,607 - models_training - INFO - Model for exercise 'Dumbbell lateral raise' trained.
2024-02-08 15:19:34,608 - models_training - INFO - Plotting loss...
2024-02-08 15:19:34,718 - models_training - INFO - Loss plotted.
2024-02-08 15:19:34,718 - models_training - INFO - Best Model 'Dumbbell lateral raise': epoch = 10, loss = 0.03667894005775452, val_loss = 0.027649926021695137
2024-02-08 15:19:34,718 - models_training - INFO - Models trained.
2024-02-08 15:19:34,718 - models_training - INFO - Archiving models...
2024-02-08 15:19:41,119 - models_training - INFO - Models archived to : ../models/versions/models_2024-02-08.tar.gz
2024-02-08 17:29:00,121 - models_training - INFO - Training models...
2024-02-08 17:29:00,122 - models_training - INFO - Loading and preprocessing data...
2024-02-08 17:29:00,127 - models_training - INFO - Data loaded and preprocessed.
2024-02-08 17:29:00,127 - models_training - INFO - Training model for exercise 'Dumbbell lateral raise'...
2024-02-08 17:29:04,642 - models_training - INFO - Model for exercise 'Dumbbell lateral raise' trained.
2024-02-08 17:29:04,642 - models_training - INFO - Plotting loss...
2024-02-08 17:29:04,751 - models_training - INFO - Loss plotted.
2024-02-08 17:29:04,751 - models_training - INFO - Best Model 'Dumbbell lateral raise': epoch = 12, loss = 0.03119872510433197, val_loss = 0.028111187741160393
2024-02-08 17:29:04,751 - models_training - INFO - Models trained.
2024-02-08 17:29:04,751 - models_training - INFO - Archiving models...
2024-02-08 17:29:11,257 - models_training - INFO - Models archived to : ../models/versions/models_2024-02-08.tar.gz
2024-02-08 17:34:00,100 - models_training - INFO - Training models...
2024-02-08 17:34:00,100 - models_training - INFO - Loading and preprocessing data...
2024-02-08 17:34:00,105 - models_training - INFO - Data loaded and preprocessed.
2024-02-08 17:34:00,105 - models_training - INFO - Training model for exercise 'Dumbbell lateral raise'...
2024-02-08 17:34:04,470 - models_training - INFO - Model for exercise 'Dumbbell lateral raise' trained.
2024-02-08 17:34:04,470 - models_training - INFO - Plotting loss...
2024-02-08 17:34:04,566 - models_training - INFO - Loss plotted.
2024-02-08 17:34:04,566 - models_training - INFO - Best Model 'Dumbbell lateral raise': epoch = 12, loss = 0.034849632531404495, val_loss = 0.027870604768395424
2024-02-08 17:34:04,566 - models_training - INFO - Models trained.
2024-02-08 17:34:04,566 - models_training - INFO - Archiving models...
2024-02-08 17:34:10,963 - models_training - INFO - Models archived to : ../models/versions/models_2024-02-08.tar.gz
2024-02-08 20:17:00,110 - models_training - INFO - Training models...
2024-02-08 20:17:00,111 - models_training - INFO - Loading and preprocessing data...
2024-02-08 20:17:00,116 - models_training - INFO - Data loaded and preprocessed.
2024-02-08 20:17:00,116 - models_training - INFO - Training model for exercise 'Dumbbell lateral raise'...
2024-02-08 20:17:04,641 - models_training - INFO - Model for exercise 'Dumbbell lateral raise' trained.
2024-02-08 20:17:04,641 - models_training - INFO - Plotting loss...
2024-02-08 20:17:04,807 - models_training - INFO - Loss plotted.
2024-02-08 20:17:04,808 - models_training - INFO - Best Model 'Dumbbell lateral raise': epoch = 6, loss = 0.04308353364467621, val_loss = 0.027780307456851006
2024-02-08 20:17:04,808 - models_training - INFO - Models trained.
2024-02-08 20:17:04,808 - models_training - INFO - Archiving models...
2024-02-08 20:17:11,242 - models_training - INFO - Models archived to : ../models/versions/models_2024-02-08.tar.gz
2024-02-08 21:14:34,924 - models_training - INFO - Training models...
2024-02-08 21:14:34,925 - models_training - INFO - Loading and preprocessing data...
2024-02-08 21:14:34,931 - models_training - INFO - Data loaded and preprocessed.
2024-02-08 21:14:34,931 - models_training - INFO - Training model for exercise 'Dumbbell lateral raise'...
2024-02-08 21:14:39,251 - models_training - INFO - Model for exercise 'Dumbbell lateral raise' trained.
2024-02-08 21:14:39,251 - models_training - INFO - Plotting loss...
2024-02-08 21:14:39,488 - models_training - INFO - Loss plotted.
2024-02-08 21:14:39,488 - models_training - INFO - Best Model 'Dumbbell lateral raise': epoch = 9, loss = 0.03497527167201042, val_loss = 0.02809099666774273
2024-02-08 21:14:39,488 - models_training - INFO - Models trained.
2024-02-08 21:14:39,489 - models_training - INFO - Archiving models...
2024-02-08 21:14:46,086 - models_training - INFO - Models archived to : models/versions/models_2024-02-08.tar.gz
2024-02-08 21:15:35,504 - models_training - INFO - Training models...
2024-02-08 21:15:35,504 - models_training - INFO - Loading and preprocessing data...
2024-02-08 21:15:35,510 - models_training - INFO - Data loaded and preprocessed.
2024-02-08 21:15:35,510 - models_training - INFO - Training model for exercise 'Dumbbell lateral raise'...
2024-02-08 21:15:39,959 - models_training - INFO - Model for exercise 'Dumbbell lateral raise' trained.
2024-02-08 21:15:39,959 - models_training - INFO - Plotting loss...
2024-02-08 21:15:40,089 - models_training - INFO - Loss plotted.
2024-02-08 21:15:40,089 - models_training - INFO - Best Model 'Dumbbell lateral raise': epoch = 6, loss = 0.04597105085849762, val_loss = 0.027845771983265877
2024-02-08 21:15:40,089 - models_training - INFO - Training model for exercise 'Behind-the-head skullcrusher'...
2024-02-08 21:15:44,766 - models_training - INFO - Model for exercise 'Behind-the-head skullcrusher' trained.
2024-02-08 21:15:44,766 - models_training - INFO - Plotting loss...
2024-02-08 21:15:44,813 - models_training - INFO - Loss plotted.
2024-02-08 21:15:44,813 - models_training - INFO - Best Model 'Behind-the-head skullcrusher': epoch = 12, loss = 0.02264721319079399, val_loss = 0.0323321670293808
2024-02-08 21:15:44,813 - models_training - INFO - Models trained.
2024-02-08 21:15:44,813 - models_training - INFO - Archiving models...
2024-02-08 21:15:51,196 - models_training - INFO - Models archived to : models/versions/models_2024-02-08.tar.gz
