2024-02-08 00:31:56,540 - scheduler - INFO - Running data ingestion job...
2024-02-08 00:31:56,682 - scheduler - INFO - Data ingestion job complete.
2024-02-08 00:31:56,682 - scheduler - INFO - Running model training job...
2024-02-08 00:33:30,760 - scheduler - INFO - Model training job complete.
2024-02-08 00:48:19,118 - scheduler - INFO - Running data ingestion job...
2024-02-08 00:48:19,217 - scheduler - INFO - Data ingestion job complete.
2024-02-08 00:48:19,217 - scheduler - INFO - Running model training job...
2024-02-08 00:48:23,595 - scheduler - ERROR - Models were not trained.
2024-02-08 00:48:33,596 - scheduler - INFO - Running data ingestion job...
2024-02-08 00:48:33,686 - scheduler - INFO - Data ingestion job complete.
2024-02-08 00:48:33,686 - scheduler - INFO - Running model training job...
2024-02-08 00:48:37,973 - scheduler - ERROR - Models were not trained.
2024-02-08 00:48:47,973 - scheduler - INFO - Running data ingestion job...
2024-02-08 00:48:48,064 - scheduler - INFO - Data ingestion job complete.
2024-02-08 00:48:48,065 - scheduler - INFO - Running model training job...
2024-02-08 00:48:52,461 - scheduler - ERROR - Models were not trained.
2024-02-08 00:49:02,461 - scheduler - INFO - Running data ingestion job...
2024-02-08 00:49:02,550 - scheduler - INFO - Data ingestion job complete.
2024-02-08 00:49:02,551 - scheduler - INFO - Running model training job...
2024-02-08 00:57:00,000 - scheduler - INFO - Running data ingestion job...
2024-02-08 00:57:00,097 - scheduler - INFO - Data ingestion job complete.
2024-02-08 00:57:00,097 - scheduler - INFO - Running model training job...
2024-02-08 00:58:38,270 - scheduler - INFO - Model training job complete.
2024-02-08 01:02:00,000 - scheduler - INFO - Running data ingestion job...
2024-02-08 01:02:00,100 - scheduler - INFO - Data ingestion job complete.
2024-02-08 01:02:00,100 - scheduler - INFO - Running model training job...
2024-02-08 01:03:34,384 - scheduler - INFO - Model training job complete.
2024-02-08 01:13:00,000 - scheduler - INFO - Running data ingestion job...
2024-02-08 01:13:00,096 - scheduler - INFO - Data ingestion job complete.
2024-02-08 01:13:00,097 - scheduler - INFO - Running model training job...
2024-02-08 01:13:09,156 - scheduler - INFO - Model training job complete.
2024-02-08 01:20:00,000 - scheduler - INFO - Running data ingestion job...
2024-02-08 01:20:00,095 - scheduler - INFO - Data ingestion job complete.
2024-02-08 01:20:00,096 - scheduler - INFO - Running model training job...
2024-02-08 01:20:09,364 - scheduler - INFO - Model training job complete.
2024-02-08 01:25:00,000 - scheduler - INFO - Running data ingestion job...
2024-02-08 01:25:00,102 - scheduler - INFO - Data ingestion job complete.
2024-02-08 01:25:00,103 - scheduler - INFO - Running model training job...
2024-02-08 01:25:12,788 - scheduler - INFO - Model training job complete.
2024-02-08 01:28:00,000 - scheduler - INFO - Running data ingestion job...
2024-02-08 01:28:00,103 - scheduler - INFO - Data ingestion job complete.
2024-02-08 01:28:00,103 - scheduler - INFO - Running model training job...
2024-02-08 01:28:13,134 - scheduler - INFO - Model training job complete.
2024-02-08 10:53:00,000 - scheduler - INFO - Running data ingestion job...
2024-02-08 10:53:00,100 - scheduler - INFO - Data ingestion job complete.
2024-02-08 10:53:00,100 - scheduler - INFO - Running model training job...
2024-02-08 10:54:00,000 - scheduler - INFO - Running data ingestion job...
2024-02-08 10:54:00,097 - scheduler - INFO - Data ingestion job complete.
2024-02-08 10:54:00,097 - scheduler - INFO - Running model training job...
2024-02-08 10:54:12,969 - scheduler - INFO - Model training job complete.
2024-02-08 10:55:00,000 - scheduler - INFO - Running data ingestion job...
2024-02-08 10:55:00,102 - scheduler - INFO - Data ingestion job complete.
2024-02-08 10:55:00,103 - scheduler - INFO - Running model training job...
2024-02-08 10:55:13,310 - scheduler - INFO - Model training job complete.
2024-02-08 11:34:00,000 - scheduler - INFO - Running data ingestion job...
2024-02-08 11:34:00,110 - scheduler - INFO - Data ingestion job complete.
2024-02-08 11:34:00,110 - scheduler - INFO - Running model training job...
2024-02-08 11:34:13,679 - scheduler - INFO - Model training job complete.
2024-02-08 11:48:00,000 - scheduler - INFO - Running data ingestion job...
2024-02-08 11:48:00,101 - scheduler - INFO - Data ingestion job complete.
2024-02-08 11:48:00,102 - scheduler - INFO - Running model training job...
2024-02-08 11:49:41,843 - scheduler - INFO - Model training job complete.
2024-02-08 13:11:00,000 - scheduler - INFO - Running data ingestion job...
2024-02-08 13:11:00,116 - scheduler - INFO - Data ingestion job complete.
2024-02-08 13:11:00,116 - scheduler - INFO - Running model training job...
2024-02-08 13:11:11,427 - scheduler - INFO - Model training job complete.
2024-02-08 13:11:11,427 - scheduler - INFO - Running data analytics job...
2024-02-08 13:11:46,051 - scheduler - INFO - Data analytics job complete.
2024-02-08 15:19:30,000 - scheduler - INFO - Running data ingestion job...
2024-02-08 15:19:30,101 - scheduler - INFO - Data ingestion job complete.
2024-02-08 15:19:30,102 - scheduler - INFO - Running model training job...
2024-02-08 15:19:41,119 - scheduler - INFO - Model training job complete.
2024-02-08 15:19:41,120 - scheduler - INFO - Running data analytics job...
2024-02-08 15:20:15,721 - scheduler - INFO - Data analytics job complete.
2024-02-08 17:29:00,000 - scheduler - INFO - Running data ingestion job...
2024-02-08 17:29:00,121 - scheduler - INFO - Data ingestion job complete.
2024-02-08 17:29:00,121 - scheduler - INFO - Running model training job...
2024-02-08 17:29:11,257 - scheduler - INFO - Model training job complete.
2024-02-08 17:29:11,257 - scheduler - INFO - Running data analytics job...
2024-02-08 17:29:13,438 - scheduler - ERROR - Predicted volumes were not plotted.
2024-02-08 17:34:00,000 - scheduler - INFO - Running data ingestion job...
2024-02-08 17:34:00,100 - scheduler - INFO - Data ingestion job complete.
2024-02-08 17:34:00,100 - scheduler - INFO - Running model training job...
2024-02-08 17:34:10,963 - scheduler - INFO - Model training job complete.
2024-02-08 17:34:10,964 - scheduler - INFO - Running data analytics job...
2024-02-08 17:34:45,792 - scheduler - INFO - Data analytics job complete.
2024-02-08 20:17:00,000 - scheduler - INFO - Running data ingestion job...
2024-02-08 20:17:00,110 - scheduler - INFO - Data ingestion job complete.
2024-02-08 20:17:00,110 - scheduler - INFO - Running model training job...
2024-02-08 20:17:11,242 - scheduler - INFO - Model training job complete.
2024-02-08 20:17:11,243 - scheduler - INFO - Running data analytics job...
2024-02-08 20:17:46,865 - scheduler - INFO - Data analytics job complete.
